#
# A fatal error has been detected by the Java Runtime Environment:
#
#  EXCEPTION_ACCESS_VIOLATION (0xc0000005) at pc=0x000000000250f3a1, pid=8400, tid=11804
#
# JRE version: Java(TM) SE Runtime Environment (7.0_45-b18) (build 1.7.0_45-b18)
# Java VM: Java HotSpot(TM) 64-Bit Server VM (24.45-b08 mixed mode windows-amd64 compressed oops)
# Problematic frame:
# j  org.apache.http.impl.cookie.BestMatchSpec.formatCookies(Ljava/util/List;)Ljava/util/List;+44
#
# Failed to write core dump. Minidumps are not enabled by default on client versions of Windows
#
# If you would like to submit a bug report, please visit:
#   http://bugreport.sun.com/bugreport/crash.jsp
#

---------------  T H R E A D  ---------------

Current thread (0x00000000130b4000):  JavaThread "pool-67-thread-1" [_thread_in_Java, id=11804, stack(0x0000000017c50000,0x0000000017d50000)]

siginfo: ExceptionCode=0xc0000005, reading address 0xffffffffffffffff

Registers:
RAX=0x00000000bd4543c0, RBX=0x00000000656be470, RCX=0x0000000000000028, RDX=0x0000000065b65748
RSP=0x0000000017d4ede8, RBP=0x0000000017d4ee38, RSI=0x0000000012d124a0, RDI=0x8948004a72a2058d
R8 =0x000000d502690087, R9 =0x000000d602660088, R10=0x0000000065d35450, R11=0x0000000017d4edb0
R12=0x0000000000000000, R13=0x00000000bd44cba4, R14=0x0000000017d4ee70, R15=0x00000000130b4000
RIP=0x000000000250f3a1, EFLAGS=0x0000000000010246

Top of Stack: (sp=0x0000000017d4ede8)
0x0000000017d4ede8:   0000000000000001 00000000bd4543c0
0x0000000017d4edf8:   0000000017d4edf8 00000000bd44cba4
0x0000000017d4ee08:   0000000017d4ee70 00000000bd44d238
0x0000000017d4ee18:   00000000bd6758c8 00000000bd44cc48
0x0000000017d4ee28:   0000000000000000 0000000017d4ee68
0x0000000017d4ee38:   0000000017d4eeb8 00000000024f6981
0x0000000017d4ee48:   0000000000000000 00000000ef675c18
0x0000000017d4ee58:   deaddeaf00000000 deaddeaf00000000
0x0000000017d4ee68:   00000000ef675680 00000000ef6755a0
0x0000000017d4ee78:   0000000017d4ee78 00000000bd2db72b
0x0000000017d4ee88:   0000000017d4ef68 00000000bd2dbc88
0x0000000017d4ee98:   00000000bd65dd68 00000000bd2db9b8
0x0000000017d4eea8:   0000000017d4ee68 0000000017d4ef70
0x0000000017d4eeb8:   0000000000000006 00000000027efc8c
0x0000000017d4eec8:   0000000000000000 0000000000000000
0x0000000017d4eed8:   0000000000000000 0000000000000000 

Instructions: (pc=0x000000000250f3a1)
0x000000000250f381:   00 8b 48 1c 48 3b 04 0b 0f 84 4d 00 00 00 83 f9
0x000000000250f391:   28 0f 85 21 00 00 00 50 48 8b c0 57 48 8b 7b 30
0x000000000250f3a1:   8b 4f 0c 48 83 c7 10 85 c0 f2 af 5f 58 75 09 48
0x000000000250f3b1:   89 43 28 e9 23 00 00 00 48 8b 4d e0 48 85 c9 0f 


Register to memory mapping:

RAX=0x00000000bd4543c0 is an oop
{instance class} 
 - klass: {other class}
RBX=0x00000000656be470 is an unknown value
RCX=0x0000000000000028 is an unknown value
RDX=0x0000000065b65748 is an unknown value
RSP=0x0000000017d4ede8 is pointing into the stack for thread: 0x00000000130b4000
RBP=0x0000000017d4ee38 is pointing into the stack for thread: 0x00000000130b4000
RSI=0x0000000012d124a0 is an unknown value
RDI=0x8948004a72a2058d is an unknown value
R8 =0x000000d502690087 is an unknown value
R9 =0x000000d602660088 is an unknown value
R10=0x0000000065d35450 is an unknown value
R11=0x0000000017d4edb0 is pointing into the stack for thread: 0x00000000130b4000
R12=0x0000000000000000 is an unknown value
R13=0x00000000bd44cba4 is pointing into object: 0x00000000bd44cb38
{constMethod} 
 - klass: {other class}
 - constants:       0x00000000bd44b770 constant pool [247] for 'org/apache/http/impl/cookie/BestMatchSpec' cache=0x00000000bd44d238
bci_from(00000000BD44CBA4) = 44; print_codes():
R14=0x0000000017d4ee70 is pointing into the stack for thread: 0x00000000130b4000
R15=0x00000000130b4000 is a thread


Stack: [0x0000000017c50000,0x0000000017d50000],  sp=0x0000000017d4ede8,  free space=1019k
Native frames: (J=compiled Java code, j=interpreted, Vv=VM code, C=native code)
j  org.apache.http.impl.cookie.BestMatchSpec.formatCookies(Ljava/util/List;)Ljava/util/List;+44
j  org.apache.http.client.protocol.RequestAddCookies.process(Lorg/apache/http/HttpRequest;Lorg/apache/http/protocol/HttpContext;)V+659


---------------  P R O C E S S  ---------------

Java Threads: ( => current thread )
  0x00000000165ea000 JavaThread "htable-pool97-t1" daemon [_thread_blocked, id=12172, stack(0x000000001a950000,0x000000001aa50000)]
  0x0000000013155000 JavaThread "htable-pool105-t1" daemon [_thread_blocked, id=12096, stack(0x000000001a5b0000,0x000000001a6b0000)]
  0x0000000013154000 JavaThread "htable-pool99-t1" daemon [_thread_blocked, id=12092, stack(0x0000000019e40000,0x0000000019f40000)]
  0x0000000013153800 JavaThread "htable-pool104-t1" daemon [_thread_blocked, id=12008, stack(0x000000001a080000,0x000000001a180000)]
  0x0000000013152800 JavaThread "htable-pool120-t1" daemon [_thread_blocked, id=11960, stack(0x0000000019b10000,0x0000000019c10000)]
  0x0000000013152000 JavaThread "htable-pool108-t1" daemon [_thread_blocked, id=11956, stack(0x000000001a180000,0x000000001a280000)]
  0x0000000013151000 JavaThread "htable-pool102-t1" daemon [_thread_blocked, id=11948, stack(0x000000001a2f0000,0x000000001a3f0000)]
  0x0000000013150800 JavaThread "htable-pool103-t1" daemon [_thread_blocked, id=11944, stack(0x0000000019f40000,0x000000001a040000)]
  0x000000001314f800 JavaThread "htable-pool118-t1" daemon [_thread_blocked, id=11924, stack(0x0000000019d30000,0x0000000019e30000)]
  0x000000001314f000 JavaThread "htable-pool114-t1" daemon [_thread_blocked, id=11920, stack(0x0000000019c20000,0x0000000019d20000)]
  0x000000001314e000 JavaThread "htable-pool107-t1" daemon [_thread_blocked, id=11916, stack(0x0000000019a00000,0x0000000019b00000)]
  0x0000000012f4b800 JavaThread "htable-pool116-t1" daemon [_thread_blocked, id=11912, stack(0x0000000019850000,0x0000000019950000)]
  0x0000000012f4b000 JavaThread "htable-pool119-t1" daemon [_thread_blocked, id=11884, stack(0x0000000018630000,0x0000000018730000)]
  0x0000000012f4a000 JavaThread "htable-pool93-t1" daemon [_thread_blocked, id=11880, stack(0x00000000196c0000,0x00000000197c0000)]
  0x0000000012f49800 JavaThread "htable-pool101-t1" daemon [_thread_blocked, id=11876, stack(0x0000000019500000,0x0000000019600000)]
  0x0000000012f48800 JavaThread "htable-pool117-t1" daemon [_thread_blocked, id=11872, stack(0x00000000193b0000,0x00000000194b0000)]
  0x0000000012f48000 JavaThread "htable-pool100-t1" daemon [_thread_blocked, id=11868, stack(0x00000000192b0000,0x00000000193b0000)]
  0x0000000012f47000 JavaThread "htable-pool115-t1" daemon [_thread_blocked, id=11864, stack(0x00000000190d0000,0x00000000191d0000)]
  0x0000000012f46800 JavaThread "htable-pool106-t1" daemon [_thread_blocked, id=11860, stack(0x0000000018ed0000,0x0000000018fd0000)]
  0x0000000012f45800 JavaThread "htable-pool95-t1" daemon [_thread_blocked, id=11856, stack(0x0000000018d10000,0x0000000018e10000)]
  0x0000000012f45000 JavaThread "pool-75-thread-1" [_thread_blocked, id=11852, stack(0x0000000018be0000,0x0000000018ce0000)]
  0x00000000126c3800 JavaThread "pool-95-thread-1" [_thread_blocked, id=11848, stack(0x0000000018a70000,0x0000000018b70000)]
  0x00000000126c2800 JavaThread "pool-60-thread-1" [_thread_blocked, id=11844, stack(0x0000000018970000,0x0000000018a70000)]
  0x00000000126c2000 JavaThread "pool-69-thread-1" [_thread_blocked, id=11840, stack(0x00000000187f0000,0x00000000188f0000)]
  0x00000000126c1000 JavaThread "pool-66-thread-1" [_thread_blocked, id=11836, stack(0x0000000017800000,0x0000000017900000)]
  0x00000000126c0800 JavaThread "pool-99-thread-1" [_thread_blocked, id=11832, stack(0x0000000017b30000,0x0000000017c30000)]
  0x00000000126bf800 JavaThread "pool-72-thread-1" [_thread_blocked, id=11828, stack(0x0000000018510000,0x0000000018610000)]
  0x00000000126bf000 JavaThread "pool-83-thread-1" [_thread_blocked, id=11824, stack(0x00000000180f0000,0x00000000181f0000)]
  0x00000000126be000 JavaThread "pool-82-thread-1" [_thread_blocked, id=11820, stack(0x0000000018370000,0x0000000018470000)]
  0x00000000126bd800 JavaThread "pool-80-thread-1" [_thread_blocked, id=11816, stack(0x0000000018220000,0x0000000018320000)]
  0x00000000126bc800 JavaThread "pool-89-thread-1" [_thread_blocked, id=11812, stack(0x0000000017fd0000,0x00000000180d0000)]
  0x00000000130b1800 JavaThread "pool-65-thread-1" [_thread_blocked, id=11808, stack(0x0000000017e20000,0x0000000017f20000)]
=>0x00000000130b4000 JavaThread "pool-67-thread-1" [_thread_in_Java, id=11804, stack(0x0000000017c50000,0x0000000017d50000)]
  0x00000000130b4800 JavaThread "pool-71-thread-1" [_thread_blocked, id=11800, stack(0x0000000017a10000,0x0000000017b10000)]
  0x00000000130b0000 JavaThread "pool-68-thread-1" [_thread_blocked, id=11796, stack(0x000000000b870000,0x000000000b970000)]
  0x00000000130b3000 JavaThread "pool-70-thread-1" [_thread_blocked, id=11792, stack(0x00000000175f0000,0x00000000176f0000)]
  0x00000000130ae800 JavaThread "pool-91-thread-1" [_thread_blocked, id=11788, stack(0x0000000017910000,0x0000000017a10000)]
  0x00000000130b2800 JavaThread "pool-78-thread-1" [_thread_blocked, id=11784, stack(0x0000000017700000,0x0000000017800000)]
  0x00000000130b1000 JavaThread "pool-62-thread-1" [_thread_blocked, id=11780, stack(0x000000000b270000,0x000000000b370000)]
  0x00000000130af800 JavaThread "pool-101-thread-1" [_thread_blocked, id=11776, stack(0x000000000c020000,0x000000000c120000)]
  0x00000000130ae000 JavaThread "IPC Client (852858557) connection to master/192.168.120.67:60020 from shanjixi" daemon [_thread_blocked, id=11416, stack(0x000000001a7d0000,0x000000001a8d0000)]
  0x000000000ac0d000 JavaThread "AjaxMainSearchThread-TWAjaxNode- 1-EventThread" daemon [_thread_blocked, id=8724, stack(0x0000000017480000,0x0000000017580000)]
  0x000000000ac0c000 JavaThread "AjaxMainSearchThread-TWAjaxNode- 1-SendThread(master:2181)" daemon [_thread_in_native, id=9284, stack(0x000000000be00000,0x000000000bf00000)]
  0x000000000ac0b800 JavaThread "Thread-63" daemon [_thread_in_native, id=10932, stack(0x000000000b130000,0x000000000b230000)]
  0x000000000ac0a800 JavaThread "AjaxMainSearchThread-TWAjaxNode- 1" [_thread_blocked, id=11116, stack(0x00000000162f0000,0x00000000163f0000)]
  0x000000000a859800 JavaThread "AjaxMainSearchThread-TWAjaxNode- 9" [_thread_blocked, id=10924, stack(0x000000000c290000,0x000000000c390000)]
  0x000000000ac0a000 JavaThread "AjaxMainSearchThread-TWAjaxNode-15" [_thread_blocked, id=9956, stack(0x000000000c5c0000,0x000000000c6c0000)]
  0x000000000ac09000 JavaThread "AjaxMainSearchThread-TWAjaxNode- 4" [_thread_blocked, id=2500, stack(0x000000000b000000,0x000000000b100000)]
  0x000000000a857000 JavaThread "Timer-18" [_thread_blocked, id=8096, stack(0x00000000161f0000,0x00000000162f0000)]
  0x000000000ac08800 JavaThread "Timer-19" [_thread_blocked, id=10968, stack(0x000000000b560000,0x000000000b660000)]
  0x000000000a858000 JavaThread "AjaxMainSearchThread-TWAjaxNode-12" [_thread_blocked, id=9476, stack(0x0000000016070000,0x0000000016170000)]
  0x000000000ac07800 JavaThread "AjaxMainSearchThread-TWAjaxNode-13" [_thread_blocked, id=5424, stack(0x0000000015f50000,0x0000000016050000)]
  0x000000000a85b800 JavaThread "AjaxMainSearchThread-TWAjaxNode- 0" [_thread_blocked, id=8204, stack(0x000000000ae80000,0x000000000af80000)]
  0x000000000ac07000 JavaThread "AjaxMainSearchThread-TWAjaxNode-18" [_thread_blocked, id=9416, stack(0x0000000015e30000,0x0000000015f30000)]
  0x000000000ac06000 JavaThread "AjaxMainSearchThread-TWAjaxNode- 7" [_thread_blocked, id=4920, stack(0x00000000156a0000,0x00000000157a0000)]
  0x000000000ac28000 JavaThread "AjaxMainSearchThread-TWAjaxNode- 6" [_thread_blocked, id=5992, stack(0x0000000015cb0000,0x0000000015db0000)]
  0x000000000ac27000 JavaThread "Timer-20" [_thread_blocked, id=4776, stack(0x0000000015b30000,0x0000000015c30000)]
  0x000000000a855800 JavaThread "AjaxMainSearchThread-TWAjaxNode- 3" [_thread_blocked, id=9004, stack(0x00000000159f0000,0x0000000015af0000)]
  0x000000000ac26800 JavaThread "AjaxMainSearchThread-TWAjaxNode-10" [_thread_blocked, id=7708, stack(0x00000000158e0000,0x00000000159e0000)]
  0x000000000ac25800 JavaThread "ActiveMQ Session Task-3" [_thread_blocked, id=6132, stack(0x00000000157b0000,0x00000000158b0000)]
  0x000000000ac25000 JavaThread "Timer-17" [_thread_blocked, id=10452, stack(0x0000000013600000,0x0000000013700000)]
  0x000000000ac22800 JavaThread "Timer-5" [_thread_blocked, id=5360, stack(0x0000000015240000,0x0000000015340000)]
  0x000000000ac22000 JavaThread "Timer-12" [_thread_blocked, id=8584, stack(0x0000000015360000,0x0000000015460000)]
  0x000000000ac21000 JavaThread "Timer-16" [_thread_blocked, id=2404, stack(0x0000000015100000,0x0000000015200000)]
  0x000000000a85a000 JavaThread "Timer-15" [_thread_blocked, id=9460, stack(0x000000000bf20000,0x000000000c020000)]
  0x00000000122ca800 JavaThread "AjaxMainSearchThread-TWAjaxNode-16" [_thread_blocked, id=3076, stack(0x0000000014f50000,0x0000000015050000)]
  0x00000000122c9800 JavaThread "Timer-14" [_thread_blocked, id=10112, stack(0x0000000014dc0000,0x0000000014ec0000)]
  0x00000000122c8000 JavaThread "ActiveMQ Session Task-2" [_thread_blocked, id=4984, stack(0x0000000014ae0000,0x0000000014be0000)]
  0x00000000122c7800 JavaThread "ActiveMQ Session Task-2" [_thread_blocked, id=5624, stack(0x000000000b670000,0x000000000b770000)]
  0x00000000122c6800 JavaThread "Timer-13" [_thread_blocked, id=9948, stack(0x000000000b440000,0x000000000b540000)]
  0x00000000122c6000 JavaThread "ActiveMQ Session Task-3" [_thread_blocked, id=8440, stack(0x000000000bbb0000,0x000000000bcb0000)]
  0x00000000122c5000 JavaThread "AjaxMainSearchThread-TWAjaxNode- 2" [_thread_blocked, id=9952, stack(0x000000000b970000,0x000000000ba70000)]
  0x000000001222d000 JavaThread "AjaxMainSearchThread-TWAjaxNode-11" [_thread_blocked, id=10772, stack(0x000000000c150000,0x000000000c250000)]
  0x000000000a858800 JavaThread "Timer-11" [_thread_blocked, id=11080, stack(0x0000000014550000,0x0000000014650000)]
  0x000000001222c000 JavaThread "AjaxMainSearchThread-TWAjaxNode-14" [_thread_blocked, id=10500, stack(0x00000000143e0000,0x00000000144e0000)]
  0x000000001222b800 JavaThread "Timer-10" [_thread_blocked, id=8644, stack(0x000000000bce0000,0x000000000bde0000)]
  0x000000001222a800 JavaThread "AjaxMainSearchThread-TWAjaxNode- 8" [_thread_blocked, id=1844, stack(0x00000000141f0000,0x00000000142f0000)]
  0x000000001222a000 JavaThread "Timer-9" [_thread_blocked, id=8980, stack(0x0000000013210000,0x0000000013310000)]
  0x000000000a85c800 JavaThread "Timer-8" [_thread_blocked, id=9152, stack(0x0000000013fa0000,0x00000000140a0000)]
  0x0000000012229000 JavaThread "AjaxMainSearchThread-TWAjaxNode-19" [_thread_in_native, id=8732, stack(0x0000000013e60000,0x0000000013f60000)]
  0x0000000012228800 JavaThread "Timer-7" [_thread_blocked, id=9144, stack(0x0000000013cb0000,0x0000000013db0000)]
  0x000000000a85b000 JavaThread "ActiveMQ Session Task-2" [_thread_blocked, id=9924, stack(0x000000000c3f0000,0x000000000c4f0000)]
  0x0000000012227800 JavaThread "AjaxMainSearchThread-TWAjaxNode-17" [_thread_blocked, id=10704, stack(0x000000000b770000,0x000000000b870000)]
  0x0000000012227000 JavaThread "AjaxMainSearchThread-TWAjaxNode- 5" [_thread_blocked, id=8384, stack(0x0000000013b60000,0x0000000013c60000)]
  0x000000000aa5b000 JavaThread "Timer-6" [_thread_blocked, id=2716, stack(0x0000000010180000,0x0000000010280000)]
  0x000000000aa5a000 JavaThread "Timer-4" [_thread_blocked, id=11012, stack(0x0000000013a60000,0x0000000013b60000)]
  0x000000000aa59800 JavaThread "Timer-3" [_thread_blocked, id=11112, stack(0x00000000138f0000,0x00000000139f0000)]
  0x000000000aa58800 JavaThread "ActiveMQ Session Task-1" [_thread_blocked, id=10408, stack(0x0000000013700000,0x0000000013800000)]
  0x000000000aa58000 JavaThread "ActiveMQ Session Task-1" [_thread_blocked, id=2600, stack(0x0000000013500000,0x0000000013600000)]
  0x000000000aa57000 JavaThread "ActiveMQ Session Task-1" [_thread_blocked, id=7056, stack(0x0000000013320000,0x0000000013420000)]
  0x000000000aa56800 JavaThread "ActiveMQ Session Task-1" [_thread_blocked, id=8364, stack(0x0000000012120000,0x0000000012220000)]
  0x000000000aa55800 JavaThread "Timer-2" [_thread_blocked, id=10448, stack(0x0000000011f50000,0x0000000012050000)]
  0x000000000aa55000 JavaThread "Timer-1" [_thread_blocked, id=10860, stack(0x0000000011e40000,0x0000000011f40000)]
  0x000000000aa54000 JavaThread "Timer-0" [_thread_blocked, id=8696, stack(0x0000000011d10000,0x0000000011e10000)]
  0x000000000aa48800 JavaThread "ActiveMQ Session Task-1" [_thread_blocked, id=9724, stack(0x000000000ea10000,0x000000000eb10000)]
  0x000000000aa48000 JavaThread "ActiveMQ Session Task-1" [_thread_blocked, id=8636, stack(0x0000000011b60000,0x0000000011c60000)]
  0x000000000aa47000 JavaThread "ActiveMQ Session Task-1" [_thread_blocked, id=636, stack(0x0000000011a40000,0x0000000011b40000)]
  0x000000000aa46800 JavaThread "ActiveMQ Session Task-2" [_thread_blocked, id=10388, stack(0x0000000011850000,0x0000000011950000)]
  0x000000000aa45800 JavaThread "ActiveMQ Session Task-2" [_thread_blocked, id=9792, stack(0x00000000116d0000,0x00000000117d0000)]
  0x000000000aa45000 JavaThread "ActiveMQ Session Task-1" [_thread_blocked, id=3284, stack(0x00000000114e0000,0x00000000115e0000)]
  0x000000000aa44000 JavaThread "ActiveMQ Session Task-1" [_thread_blocked, id=6624, stack(0x0000000011310000,0x0000000011410000)]
  0x000000000aa43800 JavaThread "ActiveMQ Session Task-1" [_thread_blocked, id=8380, stack(0x00000000104e0000,0x00000000105e0000)]
  0x000000000aa42800 JavaThread "ActiveMQ Session Task-1" [_thread_blocked, id=7008, stack(0x00000000111e0000,0x00000000112e0000)]
  0x000000000ab5c000 JavaThread "ActiveMQ Session Task-1" [_thread_blocked, id=10848, stack(0x0000000010c30000,0x0000000010d30000)]
  0x000000000ab5a000 JavaThread "ActiveMQ Session Task-1" [_thread_blocked, id=4444, stack(0x0000000010b30000,0x0000000010c30000)]
  0x000000000ab58000 JavaThread "ActiveMQ Transport: tcp:///127.0.0.1:31710" [_thread_in_native, id=5528, stack(0x00000000107c0000,0x00000000108c0000)]
  0x000000000ab57800 JavaThread "ActiveMQ Transport: tcp:///127.0.0.1:31710" [_thread_in_native, id=8324, stack(0x00000000105f0000,0x00000000106f0000)]
  0x000000000ab56800 JavaThread "ActiveMQ Transport: tcp:///127.0.0.1:31710" [_thread_in_native, id=9048, stack(0x00000000103c0000,0x00000000104c0000)]
  0x000000000ab56000 JavaThread "ActiveMQ Transport: tcp:///127.0.0.1:31710" [_thread_in_native, id=11136, stack(0x00000000102c0000,0x00000000103c0000)]
  0x000000000ab22800 JavaThread "ActiveMQ Transport: tcp:///127.0.0.1:31710" [_thread_in_native, id=10692, stack(0x0000000010060000,0x0000000010160000)]
  0x000000000ab21800 JavaThread "ActiveMQ Transport: tcp:///127.0.0.1:31710" [_thread_in_native, id=9652, stack(0x000000000fd10000,0x000000000fe10000)]
  0x000000000ab21000 JavaThread "ActiveMQ Transport: tcp:///127.0.0.1:31710" [_thread_in_native, id=1632, stack(0x000000000ff30000,0x0000000010030000)]
  0x000000000ab20000 JavaThread "ActiveMQ Transport: tcp:///127.0.0.1:31710" [_thread_in_native, id=3848, stack(0x000000000fe10000,0x000000000ff10000)]
  0x000000000ab1f000 JavaThread "ActiveMQ Transport: tcp:///127.0.0.1:31710" [_thread_in_native, id=3988, stack(0x000000000fba0000,0x000000000fca0000)]
  0x000000000ab1e800 JavaThread "ActiveMQ Transport: tcp:///127.0.0.1:31710" [_thread_in_native, id=10496, stack(0x000000000fa70000,0x000000000fb70000)]
  0x000000000ab1d000 JavaThread "ActiveMQ Transport: tcp:///127.0.0.1:31710" [_thread_in_native, id=8296, stack(0x000000000f880000,0x000000000f980000)]
  0x000000000ab1c000 JavaThread "ActiveMQ Transport: tcp:///127.0.0.1:31710" [_thread_in_native, id=2484, stack(0x000000000f730000,0x000000000f830000)]
  0x000000000abb2800 JavaThread "ActiveMQ Transport: tcp:///127.0.0.1:31710" [_thread_in_native, id=10936, stack(0x000000000f170000,0x000000000f270000)]
  0x000000000abb1800 JavaThread "ActiveMQ Transport: tcp:///127.0.0.1:31710" [_thread_in_native, id=3456, stack(0x000000000e660000,0x000000000e760000)]
  0x000000000abb1000 JavaThread "ActiveMQ Transport: tcp:///127.0.0.1:31710" [_thread_in_native, id=5916, stack(0x000000000f010000,0x000000000f110000)]
  0x000000000abb0000 JavaThread "ActiveMQ Transport: tcp:///127.0.0.1:31710" [_thread_in_native, id=2892, stack(0x000000000eea0000,0x000000000efa0000)]
  0x000000000abae800 JavaThread "ActiveMQ Transport: tcp:///127.0.0.1:31710" [_thread_in_native, id=7920, stack(0x000000000ed80000,0x000000000ee80000)]
  0x000000000abae000 JavaThread "ActiveMQ Transport: tcp:///127.0.0.1:31710" [_thread_in_native, id=11180, stack(0x000000000e2a0000,0x000000000e3a0000)]
  0x000000000abad000 JavaThread "ActiveMQ Transport: tcp:///127.0.0.1:31710" [_thread_in_native, id=7836, stack(0x000000000eb20000,0x000000000ec20000)]
  0x000000000abac800 JavaThread "ActiveMQ Transport: tcp:///127.0.0.1:31710" [_thread_in_native, id=3740, stack(0x000000000e910000,0x000000000ea10000)]
  0x000000000a85d000 JavaThread "DestroyJavaVM" [_thread_blocked, id=9752, stack(0x00000000023f0000,0x00000000024f0000)]
  0x000000000a731800 JavaThread "Abandoned connection cleanup thread" daemon [_thread_blocked, id=8612, stack(0x000000000ad80000,0x000000000ae80000)]
  0x000000000848b000 JavaThread "Service Thread" daemon [_thread_blocked, id=10372, stack(0x000000000a0d0000,0x000000000a1d0000)]
  0x0000000008488000 JavaThread "C2 CompilerThread1" daemon [_thread_blocked, id=9264, stack(0x0000000009a90000,0x0000000009b90000)]
  0x0000000008486000 JavaThread "C2 CompilerThread0" daemon [_thread_blocked, id=10512, stack(0x0000000009b90000,0x0000000009c90000)]
  0x0000000008484800 JavaThread "Attach Listener" daemon [_thread_blocked, id=9920, stack(0x0000000009850000,0x0000000009950000)]
  0x000000000847e000 JavaThread "Signal Dispatcher" daemon [_thread_blocked, id=4988, stack(0x0000000009960000,0x0000000009a60000)]
  0x0000000008418800 JavaThread "Finalizer" daemon [_thread_blocked, id=8740, stack(0x0000000009750000,0x0000000009850000)]
  0x0000000008411800 JavaThread "Reference Handler" daemon [_thread_blocked, id=9876, stack(0x00000000094b0000,0x00000000095b0000)]

Other Threads:
  0x000000000840b000 VMThread [stack: 0x0000000009640000,0x0000000009740000] [id=11000]
  0x0000000009ce6000 WatcherThread [stack: 0x000000000a3c0000,0x000000000a4c0000] [id=5188]

VM state:not at safepoint (normal execution)

VM Mutex/Monitor currently owned by a thread: None

Heap
 PSYoungGen      total 313344K, used 87949K [0x00000000eae00000, 0x00000000ffe00000, 0x0000000100000000)
  eden space 300032K, 24% used [0x00000000eae00000,0x00000000ef72e5f0,0x00000000fd300000)
  from space 13312K, 97% used [0x00000000fd300000,0x00000000fdfb4f18,0x00000000fe000000)
  to   space 22016K, 0% used [0x00000000fe880000,0x00000000fe880000,0x00000000ffe00000)
 ParOldGen       total 62464K, used 34508K [0x00000000c0a00000, 0x00000000c4700000, 0x00000000eae00000)
  object space 62464K, 55% used [0x00000000c0a00000,0x00000000c2bb31c8,0x00000000c4700000)
 PSPermGen       total 62976K, used 31309K [0x00000000bb800000, 0x00000000bf580000, 0x00000000c0a00000)
  object space 62976K, 49% used [0x00000000bb800000,0x00000000bd693640,0x00000000bf580000)

Card table byte_map: [0x00000000054f0000,0x0000000005720000] byte_map_base: 0x0000000004f14000

Polling page: 0x0000000000220000

Code Cache  [0x00000000024f0000, 0x0000000002880000, 0x00000000054f0000)
 total_blobs=1607 nmethods=1151 adapters=408 free_code_cache=45618Kb largest_free_block=46624832

Compilation events (10 events):
Event: 97.429 Thread 0x0000000008488000 nmethod 1194 0x00000000028529d0 code [0x0000000002852b20, 0x0000000002852bd8]
Event: 98.084 Thread 0x0000000008486000 nmethod 1193 0x0000000002860350 code [0x0000000002860f40, 0x0000000002869a60]
Event: 98.319 Thread 0x0000000008488000 1195   !         sun.security.ssl.SignatureAndHashAlgorithm::getSupportedAlgorithms (103 bytes)
Event: 98.319 Thread 0x0000000008486000 1196             sun.security.ssl.SignatureAndHashAlgorithm::getHashAlgorithmNames (67 bytes)
Event: 98.324 Thread 0x0000000008486000 nmethod 1196 0x000000000284fb50 code [0x000000000284fce0, 0x0000000002850088]
Event: 98.324 Thread 0x0000000008486000 1197             sun.security.ssl.SignatureAndHashAlgorithm::getAlgorithmNames (67 bytes)
Event: 98.330 Thread 0x0000000008488000 nmethod 1195 0x000000000285c310 code [0x000000000285c500, 0x000000000285d2c8]
Event: 98.330 Thread 0x0000000008488000 1198             java.util.Vector::elementData (7 bytes)
Event: 98.330 Thread 0x0000000008488000 nmethod 1198 0x0000000002852710 code [0x0000000002852840, 0x00000000028528d8]
Event: 98.334 Thread 0x0000000008486000 nmethod 1197 0x000000000285b090 code [0x000000000285b220, 0x000000000285b928]

GC Heap History (10 events):
Event: 19.511 GC heap before
{Heap before GC invocations=8 (full 0):
 PSYoungGen      total 146944K, used 146932K [0x00000000eae00000, 0x00000000fd500000, 0x0000000100000000)
  eden space 135168K, 100% used [0x00000000eae00000,0x00000000f3200000,0x00000000f3200000)
  from space 11776K, 99% used [0x00000000f3200000,0x00000000f3d7d238,0x00000000f3d80000)
  to   space 15872K, 0% used [0x00000000fc580000,0x00000000fc580000,0x00000000fd500000)
 ParOldGen       total 43008K, used 25983K [0x00000000c0a00000, 0x00000000c3400000, 0x00000000eae00000)
  object space 43008K, 60% used [0x00000000c0a00000,0x00000000c235ff80,0x00000000c3400000)
 PSPermGen       total 31232K, used 31064K [0x00000000bb800000, 0x00000000bd680000, 0x00000000c0a00000)
  object space 31232K, 99% used [0x00000000bb800000,0x00000000bd6561d0,0x00000000bd680000)
Event: 19.534 GC heap after
Heap after GC invocations=8 (full 0):
 PSYoungGen      total 283136K, used 15870K [0x00000000eae00000, 0x00000000fdb00000, 0x0000000100000000)
  eden space 267264K, 0% used [0x00000000eae00000,0x00000000eae00000,0x00000000fb300000)
  from space 15872K, 99% used [0x00000000fc580000,0x00000000fd4ffae8,0x00000000fd500000)
  to   space 18944K, 0% used [0x00000000fb300000,0x00000000fb300000,0x00000000fc580000)
 ParOldGen       total 43008K, used 27808K [0x00000000c0a00000, 0x00000000c3400000, 0x00000000eae00000)
  object space 43008K, 64% used [0x00000000c0a00000,0x00000000c2528100,0x00000000c3400000)
 PSPermGen       total 31232K, used 31064K [0x00000000bb800000, 0x00000000bd680000, 0x00000000c0a00000)
  object space 31232K, 99% used [0x00000000bb800000,0x00000000bd6561d0,0x00000000bd680000)
}
Event: 43.851 GC heap before
{Heap before GC invocations=9 (full 0):
 PSYoungGen      total 283136K, used 283134K [0x00000000eae00000, 0x00000000fdb00000, 0x0000000100000000)
  eden space 267264K, 100% used [0x00000000eae00000,0x00000000fb300000,0x00000000fb300000)
  from space 15872K, 99% used [0x00000000fc580000,0x00000000fd4ffae8,0x00000000fd500000)
  to   space 18944K, 0% used [0x00000000fb300000,0x00000000fb300000,0x00000000fc580000)
 ParOldGen       total 43008K, used 27808K [0x00000000c0a00000, 0x00000000c3400000, 0x00000000eae00000)
  object space 43008K, 64% used [0x00000000c0a00000,0x00000000c2528100,0x00000000c3400000)
 PSPermGen       total 31232K, used 31212K [0x00000000bb800000, 0x00000000bd680000, 0x00000000c0a00000)
  object space 31232K, 99% used [0x00000000bb800000,0x00000000bd67b1c8,0x00000000bd680000)
Event: 43.871 GC heap after
Heap after GC invocations=9 (full 0):
 PSYoungGen      total 286208K, used 18927K [0x00000000eae00000, 0x0000000100000000, 0x0000000100000000)
  eden space 267264K, 0% used [0x00000000eae00000,0x00000000eae00000,0x00000000fb300000)
  from space 18944K, 99% used [0x00000000fb300000,0x00000000fc57bdd0,0x00000000fc580000)
  to   space 23552K, 0% used [0x00000000fe900000,0x00000000fe900000,0x0000000100000000)
 ParOldGen       total 43008K, used 32051K [0x00000000c0a00000, 0x00000000c3400000, 0x00000000eae00000)
  object space 43008K, 74% used [0x00000000c0a00000,0x00000000c294ceb8,0x00000000c3400000)
 PSPermGen       total 31232K, used 31212K [0x00000000bb800000, 0x00000000bd680000, 0x00000000c0a00000)
  object space 31232K, 99% used [0x00000000bb800000,0x00000000bd67b1c8,0x00000000bd680000)
}
Event: 65.427 GC heap before
{Heap before GC invocations=10 (full 0):
 PSYoungGen      total 286208K, used 286191K [0x00000000eae00000, 0x0000000100000000, 0x0000000100000000)
  eden space 267264K, 100% used [0x00000000eae00000,0x00000000fb300000,0x00000000fb300000)
  from space 18944K, 99% used [0x00000000fb300000,0x00000000fc57bdd0,0x00000000fc580000)
  to   space 23552K, 0% used [0x00000000fe900000,0x00000000fe900000,0x0000000100000000)
 ParOldGen       total 43008K, used 32051K [0x00000000c0a00000, 0x00000000c3400000, 0x00000000eae00000)
  object space 43008K, 74% used [0x00000000c0a00000,0x00000000c294ceb8,0x00000000c3400000)
 PSPermGen       total 31744K, used 31288K [0x00000000bb800000, 0x00000000bd700000, 0x00000000c0a00000)
  object space 31744K, 98% used [0x00000000bb800000,0x00000000bd68e2c8,0x00000000bd700000)
Event: 65.439 GC heap after
Heap after GC invocations=10 (full 0):
 PSYoungGen      total 323584K, used 11682K [0x00000000eae00000, 0x0000000100000000, 0x0000000100000000)
  eden space 300032K, 0% used [0x00000000eae00000,0x00000000eae00000,0x00000000fd300000)
  from space 23552K, 49% used [0x00000000fe900000,0x00000000ff4689e8,0x0000000100000000)
  to   space 22528K, 0% used [0x00000000fd300000,0x00000000fd300000,0x00000000fe900000)
 ParOldGen       total 43008K, used 40007K [0x00000000c0a00000, 0x00000000c3400000, 0x00000000eae00000)
  object space 43008K, 93% used [0x00000000c0a00000,0x00000000c3111f18,0x00000000c3400000)
 PSPermGen       total 31744K, used 31288K [0x00000000bb800000, 0x00000000bd700000, 0x00000000c0a00000)
  object space 31744K, 98% used [0x00000000bb800000,0x00000000bd68e2c8,0x00000000bd700000)
}
Event: 65.439 GC heap before
{Heap before GC invocations=11 (full 1):
 PSYoungGen      total 323584K, used 11682K [0x00000000eae00000, 0x0000000100000000, 0x0000000100000000)
  eden space 300032K, 0% used [0x00000000eae00000,0x00000000eae00000,0x00000000fd300000)
  from space 23552K, 49% used [0x00000000fe900000,0x00000000ff4689e8,0x0000000100000000)
  to   space 22528K, 0% used [0x00000000fd300000,0x00000000fd300000,0x00000000fe900000)
 ParOldGen       total 43008K, used 40007K [0x00000000c0a00000, 0x00000000c3400000, 0x00000000eae00000)
  object space 43008K, 93% used [0x00000000c0a00000,0x00000000c3111f18,0x00000000c3400000)
 PSPermGen       total 31744K, used 31288K [0x00000000bb800000, 0x00000000bd700000, 0x00000000c0a00000)
  object space 31744K, 98% used [0x00000000bb800000,0x00000000bd68e2c8,0x00000000bd700000)
Event: 65.553 GC heap after
Heap after GC invocations=11 (full 1):
 PSYoungGen      total 323584K, used 0K [0x00000000eae00000, 0x0000000100000000, 0x0000000100000000)
  eden space 300032K, 0% used [0x00000000eae00000,0x00000000eae00000,0x00000000fd300000)
  from space 23552K, 0% used [0x00000000fe900000,0x00000000fe900000,0x0000000100000000)
  to   space 22528K, 0% used [0x00000000fd300000,0x00000000fd300000,0x00000000fe900000)
 ParOldGen       total 62464K, used 34508K [0x00000000c0a00000, 0x00000000c4700000, 0x00000000eae00000)
  object space 62464K, 55% used [0x00000000c0a00000,0x00000000c2bb31c8,0x00000000c4700000)
 PSPermGen       total 62976K, used 31219K [0x00000000bb800000, 0x00000000bf580000, 0x00000000c0a00000)
  object space 62976K, 49% used [0x00000000bb800000,0x00000000bd67cd08,0x00000000bf580000)
}
Event: 91.404 GC heap before
{Heap before GC invocations=12 (full 1):
 PSYoungGen      total 323584K, used 300032K [0x00000000eae00000, 0x0000000100000000, 0x0000000100000000)
  eden space 300032K, 100% used [0x00000000eae00000,0x00000000fd300000,0x00000000fd300000)
  from space 23552K, 0% used [0x00000000fe900000,0x00000000fe900000,0x0000000100000000)
  to   space 22528K, 0% used [0x00000000fd300000,0x00000000fd300000,0x00000000fe900000)
 ParOldGen       total 62464K, used 34508K [0x00000000c0a00000, 0x00000000c4700000, 0x00000000eae00000)
  object space 62464K, 55% used [0x00000000c0a00000,0x00000000c2bb31c8,0x00000000c4700000)
 PSPermGen       total 62976K, used 31303K [0x00000000bb800000, 0x00000000bf580000, 0x00000000c0a00000)
  object space 62976K, 49% used [0x00000000bb800000,0x00000000bd691c38,0x00000000bf580000)
Event: 91.412 GC heap after
Heap after GC invocations=12 (full 1):
 PSYoungGen      total 313344K, used 13011K [0x00000000eae00000, 0x00000000ffe00000, 0x0000000100000000)
  eden space 300032K, 0% used [0x00000000eae00000,0x00000000eae00000,0x00000000fd300000)
  from space 13312K, 97% used [0x00000000fd300000,0x00000000fdfb4f18,0x00000000fe000000)
  to   space 22016K, 0% used [0x00000000fe880000,0x00000000fe880000,0x00000000ffe00000)
 ParOldGen       total 62464K, used 34508K [0x00000000c0a00000, 0x00000000c4700000, 0x00000000eae00000)
  object space 62464K, 55% used [0x00000000c0a00000,0x00000000c2bb31c8,0x00000000c4700000)
 PSPermGen       total 62976K, used 31303K [0x00000000bb800000, 0x00000000bf580000, 0x00000000c0a00000)
  object space 62976K, 49% used [0x00000000bb800000,0x00000000bd691c38,0x00000000bf580000)
}

Deoptimization events (10 events):
Event: 21.586 Thread 0x0000000012f45000 Uncommon trap: reason=array_check action=maybe_recompile pc=0x0000000002790f28 method=java.util.AbstractCollection.toArray([Ljava/lang/Object;)[Ljava/lang/Object; @ 119
Event: 21.589 Thread 0x0000000012f45000 Uncommon trap: reason=array_check action=maybe_recompile pc=0x0000000002790f28 method=java.util.AbstractCollection.toArray([Ljava/lang/Object;)[Ljava/lang/Object; @ 119
Event: 21.589 Thread 0x0000000012f45000 Uncommon trap: reason=array_check action=maybe_recompile pc=0x0000000002790f28 method=java.util.AbstractCollection.toArray([Ljava/lang/Object;)[Ljava/lang/Object; @ 119
Event: 21.589 Thread 0x0000000012f45000 Uncommon trap: reason=array_check action=maybe_recompile pc=0x0000000002790f28 method=java.util.AbstractCollection.toArray([Ljava/lang/Object;)[Ljava/lang/Object; @ 119
Event: 23.672 Thread 0x000000001222d000 Uncommon trap: reason=unloaded action=reinterpret pc=0x0000000002667718 method=java.lang.CharacterData.of(I)Ljava/lang/CharacterData; @ 100
Event: 23.672 Thread 0x000000001222d000 Uncommon trap: reason=unloaded action=reinterpret pc=0x0000000002557130 method=java.lang.CharacterData.of(I)Ljava/lang/CharacterData; @ 100
Event: 23.692 Thread 0x000000001222d000 Uncommon trap: reason=unloaded action=reinterpret pc=0x00000000025546c8 method=sun.nio.cs.UTF_8$Encoder.encode([CII[B)I @ 153
Event: 23.694 Thread 0x000000001222d000 Uncommon trap: reason=null_check action=make_not_entrant pc=0x00000000026c9d68 method=com.mysql.jdbc.StringUtils.findCharset(Ljava/lang/String;)Ljava/nio/charset/Charset; @ 7
Event: 74.054 Thread 0x0000000012f45000 Uncommon trap: reason=null_check action=make_not_entrant pc=0x0000000002831bdc method=org.apache.http.client.params.HttpClientParams.getCookiePolicy(Lorg/apache/http/params/HttpParams;)Ljava/lang/String; @ 22
Event: 98.328 Thread 0x00000000130b4000 Uncommon trap: reason=class_check action=maybe_recompile pc=0x00000000028684ac method=org.apache.http.impl.cookie.BestMatchSpec.formatCookies(Ljava/util/List;)Ljava/util/List; @ 44

Internal exceptions (10 events):
Event: 7.047 Thread 0x00000000130b2800 Threw 0x00000000f0aad578 at C:\re\jdk7u45\229\hotspot\src\share\vm\prims\jvm.cpp:1244
Event: 7.047 Thread 0x00000000130b2800 Threw 0x00000000f0ab09e8 at C:\re\jdk7u45\229\hotspot\src\share\vm\prims\jvm.cpp:1244
Event: 9.044 Thread 0x000000000ac06000 Threw 0x00000000f2087770 at C:\re\jdk7u45\229\hotspot\src\share\vm\prims\jvm.cpp:1244
Event: 9.061 Thread 0x000000000ac06000 Threw 0x00000000f229a1d8 at C:\re\jdk7u45\229\hotspot\src\share\vm\prims\jvm.cpp:1244
Event: 9.218 Thread 0x000000000ac0a800 Implicit null exception at 0x000000000271e915 to 0x000000000271f0e6
Event: 12.159 Thread 0x000000000a858000 Implicit null exception at 0x000000000274fb48 to 0x0000000002750cfd
Event: 18.651 Thread 0x00000000126c2800 Threw 0x00000000f2117718 at C:\re\jdk7u45\229\hotspot\src\share\vm\prims\jni.cpp:743
Event: 18.901 Thread 0x00000000130b4800 Implicit null exception at 0x000000000278bb49 to 0x000000000278c6d9
Event: 23.694 Thread 0x000000001222d000 Implicit null exception at 0x00000000026c9bea to 0x00000000026c9d58
Event: 74.054 Thread 0x0000000012f45000 Implicit null exception at 0x000000000282b2e8 to 0x0000000002831bb9

Events (10 events):
Event: 74.054 Thread 0x0000000012f45000 DEOPT UNPACKING pc=0x00000000025275a4 sp=0x0000000018cde870 mode 2
Event: 80.194 Executing VM operation: BulkRevokeBias
Event: 80.195 Executing VM operation: BulkRevokeBias done
Event: 91.404 Executing VM operation: ParallelGCFailedAllocation
Event: 91.412 Executing VM operation: ParallelGCFailedAllocation done
Event: 91.412 Executing VM operation: BulkRevokeBias
Event: 91.413 Executing VM operation: BulkRevokeBias done
Event: 98.328 Thread 0x00000000130b4000 Uncommon trap: trap_request=0xffffffde fr.pc=0x00000000028684ac
Event: 98.328 Thread 0x00000000130b4000 DEOPT PACKING pc=0x00000000028684ac sp=0x0000000017d4ee80
Event: 98.328 Thread 0x00000000130b4000 DEOPT UNPACKING pc=0x00000000025275a4 sp=0x0000000017d4edc0 mode 2


Dynamic libraries:
0x000000013fe00000 - 0x000000013fe33000 	D:\Program Files\Java\jre7\bin\javaw.exe
0x0000000077640000 - 0x00000000777e9000 	C:\Windows\SYSTEM32\ntdll.dll
0x0000000077420000 - 0x000000007753f000 	C:\Windows\system32\kernel32.dll
0x000007fefd520000 - 0x000007fefd58b000 	C:\Windows\system32\KERNELBASE.dll
0x000007fefd820000 - 0x000007fefd8fb000 	C:\Windows\system32\ADVAPI32.dll
0x000007feff8b0000 - 0x000007feff94f000 	C:\Windows\system32\msvcrt.dll
0x000007fefd910000 - 0x000007fefd92f000 	C:\Windows\SYSTEM32\sechost.dll
0x000007feff780000 - 0x000007feff8ad000 	C:\Windows\system32\RPCRT4.dll
0x0000000077540000 - 0x000000007763a000 	C:\Windows\system32\USER32.dll
0x000007fefec30000 - 0x000007fefec97000 	C:\Windows\system32\GDI32.dll
0x000007feff3a0000 - 0x000007feff3ae000 	C:\Windows\system32\LPK.dll
0x000007feff090000 - 0x000007feff159000 	C:\Windows\system32\USP10.dll
0x000007fefbb00000 - 0x000007fefbcf4000 	C:\Windows\WinSxS\amd64_microsoft.windows.common-controls_6595b64144ccf1df_6.0.7601.17514_none_fa396087175ac9ac\COMCTL32.dll
0x000007fefd930000 - 0x000007fefd9a1000 	C:\Windows\system32\SHLWAPI.dll
0x000007feff750000 - 0x000007feff77e000 	C:\Windows\system32\IMM32.DLL
0x000007feff160000 - 0x000007feff269000 	C:\Windows\system32\MSCTF.dll
0x00000000674e0000 - 0x00000000675b2000 	D:\Program Files\Java\jre7\bin\msvcr100.dll
0x00000000655f0000 - 0x0000000065db9000 	D:\Program Files\Java\jre7\bin\server\jvm.dll
0x000007fef8eb0000 - 0x000007fef8eb9000 	C:\Windows\system32\WSOCK32.dll
0x000007feff2d0000 - 0x000007feff31d000 	C:\Windows\system32\WS2_32.dll
0x000007fefd900000 - 0x000007fefd908000 	C:\Windows\system32\NSI.dll
0x000007fefb4e0000 - 0x000007fefb51b000 	C:\Windows\system32\WINMM.dll
0x0000000077800000 - 0x0000000077807000 	C:\Windows\system32\PSAPI.DLL
0x0000000070320000 - 0x000000007032f000 	D:\Program Files\Java\jre7\bin\verify.dll
0x0000000070250000 - 0x0000000070278000 	D:\Program Files\Java\jre7\bin\java.dll
0x0000000070230000 - 0x0000000070245000 	D:\Program Files\Java\jre7\bin\zip.dll
0x0000000070210000 - 0x0000000070229000 	D:\Program Files\Java\jre7\bin\net.dll
0x000007fefcc20000 - 0x000007fefcc75000 	C:\Windows\system32\mswsock.dll
0x000007fefcc10000 - 0x000007fefcc17000 	C:\Windows\System32\wship6.dll
0x00000000701f0000 - 0x0000000070201000 	D:\Program Files\Java\jre7\bin\nio.dll
0x000007fefbf30000 - 0x000007fefbf45000 	C:\Windows\system32\NLAapi.dll
0x000007fef8f80000 - 0x000007fef8f95000 	C:\Windows\system32\napinsp.dll
0x000007fef8d40000 - 0x000007fef8d59000 	C:\Windows\system32\pnrpnsp.dll
0x000007fefcaa0000 - 0x000007fefcafb000 	C:\Windows\system32\DNSAPI.dll
0x000007fef8d30000 - 0x000007fef8d3b000 	C:\Windows\System32\winrnr.dll
0x000007fefc620000 - 0x000007fefc627000 	C:\Windows\System32\wshtcpip.dll
0x000007fefa030000 - 0x000007fefa057000 	C:\Windows\system32\IPHLPAPI.DLL
0x000007fefa020000 - 0x000007fefa02b000 	C:\Windows\system32\WINNSI.DLL
0x000007fef8fa0000 - 0x000007fef8fa8000 	C:\Windows\system32\rasadhlp.dll
0x000007fef9e50000 - 0x000007fef9ea3000 	C:\Windows\System32\fwpuclnt.dll
0x0000000064100000 - 0x0000000064124000 	D:\Program Files\Java\jre7\bin\sunec.dll
0x000007fefce70000 - 0x000007fefce87000 	C:\Windows\system32\CRYPTSP.dll
0x000007fefc980000 - 0x000007fefc9c7000 	C:\Windows\system32\rsaenh.dll
0x000007fefc740000 - 0x000007fefc75e000 	C:\Windows\system32\USERENV.dll
0x000007fefd3f0000 - 0x000007fefd3ff000 	C:\Windows\system32\profapi.dll
0x000007fefd2e0000 - 0x000007fefd2ef000 	C:\Windows\system32\CRYPTBASE.dll
0x0000000072e40000 - 0x0000000072e4b000 	D:\Program Files\Java\jre7\bin\management.dll
0x000000006cd30000 - 0x000000006cd39000 	D:\Program Files\Java\jre7\bin\w2k_lsa_auth.dll
0x000007fefd090000 - 0x000007fefd09b000 	C:\Windows\system32\Secur32.dll
0x000007fefd250000 - 0x000007fefd275000 	C:\Windows\system32\SSPICLI.DLL
0x000007fef9ed0000 - 0x000007fef9ee8000 	C:\Windows\system32\dhcpcsvc.DLL
0x000000006d650000 - 0x000000006d659000 	D:\Program Files\Java\jre7\bin\jaas_nt.dll
0x00000000672d0000 - 0x00000000672db000 	D:\Program Files\Java\jre7\bin\sunmscapi.dll
0x000007fefd5c0000 - 0x000007fefd72c000 	C:\Windows\system32\CRYPT32.dll
0x000007fefd490000 - 0x000007fefd49f000 	C:\Windows\system32\MSASN1.dll

VM Arguments:
jvm_args: -Dfile.encoding=GBK 
java_command: com.ict.twitter.CrawlerNode.runTWAjaxNodes
Launcher Type: SUN_STANDARD

Environment Variables:
JAVA_HOME=D:\Program Files\Java\jdk1.7.0_45
PATH=C:\Program Files (x86)\Intel\iCLS Client\;C:\Program Files\Intel\iCLS Client\;C:\Windows\system32;C:\Windows;C:\Windows\System32\Wbem;C:\Windows\System32\WindowsPowerShell\v1.0\;C:\Program Files\Intel\Intel(R) Management Engine Components\DAL;C:\Program Files\Intel\Intel(R) Management Engine Components\IPT;C:\Program Files (x86)\Intel\Intel(R) Management Engine Components\DAL;C:\Program Files (x86)\Intel\Intel(R) Management Engine Components\IPT;C:\Program Files (x86)\ATI Technologies\ATI.ACE\Core-Static;C:\Program Files\TortoiseSVN\bin;C:\Program Files\MySQL\MySQL Server 5.1\bin;C:\Program Files (x86)\Windows Kits\8.1\Windows Performance Toolkit\;C:\Program Files\Microsoft SQL Server\110\Tools\Binn\
USERNAME=shanjixi
OS=Windows_NT
PROCESSOR_IDENTIFIER=Intel64 Family 6 Model 42 Stepping 7, GenuineIntel



---------------  S Y S T E M  ---------------

OS: Windows 7 , 64 bit Build 7601 Service Pack 1

CPU:total 4 (4 cores per cpu, 1 threads per core) family 6 model 42 stepping 7, cmov, cx8, fxsr, mmx, sse, sse2, sse3, ssse3, sse4.1, sse4.2, popcnt, avx, tsc, tscinvbit

Memory: 4k page, physical 4151724k(717280k free), swap 8645292k(665936k free)

vm_info: Java HotSpot(TM) 64-Bit Server VM (24.45-b08) for windows-amd64 JRE (1.7.0_45-b18), built on Oct  8 2013 05:47:22 by "java_re" with unknown MS VC++:1600

time: Sat Mar 15 00:08:10 2014
elapsed time: 98 seconds

