 INFO 2013-03-13 12:06:51 [main] [CrawlerServer.java:73] - Crawlserver初始化
   INFO 2013-03-13 12:06:51 [CrawlServer] [CrawlerServer.java:141] - --------------Server初始化-------------------
   INFO 2013-03-13 12:06:51 [CrawlServer] [CrawlerServer.java:160] - 采集器总控端开始
   INFO 2013-03-13 12:06:51 [CrawlServer] [CrawlerServer.java:259] - 搜索节点15S
  DEBUG 2013-03-13 12:06:51 [ActiveMQ Session Task-2] [CrawlerServer.java:431] - Crawler 收到信息来自新节点(TWAjaxNode- 5)
  DEBUG 2013-03-13 12:06:51 [ActiveMQ Session Task-2] [CrawlerServer.java:431] - Crawler 收到信息来自新节点(TWAjaxNode- 2)
  DEBUG 2013-03-13 12:06:51 [ActiveMQ Session Task-2] [CrawlerServer.java:431] - Crawler 收到信息来自新节点(TWAjaxNode- 4)
  DEBUG 2013-03-13 12:06:51 [ActiveMQ Session Task-2] [CrawlerServer.java:431] - Crawler 收到信息来自新节点(TWAjaxNode- 0)
  DEBUG 2013-03-13 12:06:51 [ActiveMQ Session Task-2] [CrawlerServer.java:431] - Crawler 收到信息来自新节点(TWAjaxNode- 3)
  DEBUG 2013-03-13 12:06:51 [ActiveMQ Session Task-2] [CrawlerServer.java:431] - Crawler 收到信息来自新节点(TWAjaxNode- 1)
  DEBUG 2013-03-13 12:06:51 [ActiveMQ Session Task-1] [NodeManager.java:166] - 收到来自  TWAjaxNode- 0的心跳信息TWAjaxNode- 0:FREE [init]	 [0]
  DEBUG 2013-03-13 12:06:51 [ActiveMQ Session Task-1] [NodeManager.java:166] - 收到来自  TWAjaxNode- 4的心跳信息TWAjaxNode- 4:FREE [init]	 [0]
  DEBUG 2013-03-13 12:06:51 [ActiveMQ Session Task-1] [NodeManager.java:166] - 收到来自  TWAjaxNode- 2的心跳信息TWAjaxNode- 2:FREE [init]	 [0]
  DEBUG 2013-03-13 12:06:51 [ActiveMQ Session Task-1] [NodeManager.java:166] - 收到来自  TWAjaxNode- 5的心跳信息TWAjaxNode- 5:FREE [init]	 [0]
  DEBUG 2013-03-13 12:06:51 [ActiveMQ Session Task-1] [NodeManager.java:166] - 收到来自  TWAjaxNode- 1的心跳信息TWAjaxNode- 1:FREE [init]	 [0]
  DEBUG 2013-03-13 12:06:51 [ActiveMQ Session Task-1] [NodeManager.java:166] - 收到来自  TWAjaxNode- 3的心跳信息TWAjaxNode- 3:FREE [init]	 [0]
   INFO 2013-03-13 12:07:06 [CrawlServer] [CrawlerServer.java:261] - 当前状态init
   INFO 2013-03-13 12:07:06 [CrawlServer] [CrawlerServer.java:262] - 节点个数6
   INFO 2013-03-13 12:07:06 [CrawlServer] [CrawlerServer.java:266] - 关键词搜索开始
   INFO 2013-03-13 12:07:06 [CrawlServer] [ServerBean.java:57] - true【Server】总共新加的关键词数2个
   INFO 2013-03-13 12:07:11 [CrawlServer] [CrawlerServer.java:378] - 通知所有节点进入新的工作状态search_start
  DEBUG 2013-03-13 12:07:11 [ActiveMQ Session Task-3] [NodeManager.java:166] - 收到来自  TWAjaxNode- 1的心跳信息TWAjaxNode- 1:FREE [search_start]	 [0]
  DEBUG 2013-03-13 12:07:11 [ActiveMQ Session Task-3] [NodeManager.java:166] - 收到来自  TWAjaxNode- 3的心跳信息TWAjaxNode- 3:FREE [search_start]	 [0]
  DEBUG 2013-03-13 12:07:11 [ActiveMQ Session Task-3] [NodeManager.java:166] - 收到来自  TWAjaxNode- 5的心跳信息TWAjaxNode- 5:FREE [search_start]	 [0]
  DEBUG 2013-03-13 12:07:11 [ActiveMQ Session Task-3] [NodeManager.java:166] - 收到来自  TWAjaxNode- 4的心跳信息TWAjaxNode- 4:FREE [search_start]	 [0]
  DEBUG 2013-03-13 12:07:11 [ActiveMQ Session Task-3] [NodeManager.java:166] - 收到来自  TWAjaxNode- 2的心跳信息TWAjaxNode- 2:FREE [search_start]	 [0]
  DEBUG 2013-03-13 12:07:11 [ActiveMQ Session Task-3] [NodeManager.java:166] - 收到来自  TWAjaxNode- 0的心跳信息TWAjaxNode- 0:FREE [search_start]	 [0]
  DEBUG 2013-03-13 12:07:12 [ActiveMQ Session Task-1] [KeyUserReceiver.java:28] - 【Server】接收KeyUser<name>guxiaojun53</name>
  DEBUG 2013-03-13 12:07:12 [ActiveMQ Session Task-1] [ServerBean.java:181] - 添加新的种子用户到Vector Userguxiaojun53:1000 
  DEBUG 2013-03-13 12:07:27 [ActiveMQ Session Task-1] [KeyUserReceiver.java:28] - 【Server】接收KeyUser<name>boxun</name><name>molihua_org</name><name>AboluowangNEWS</name><name>aboluowang</name><name>gfwbinxing</name><name>AboluowangNEWS</name><name>wuxufei</name><name>XinChen_dust</name><name>ChinaRiser</name><name>kanzhongguonews</name><name>Edourdoo</name><name>toyuan2010</name><name>BoxunN</name><name>boxun</name><name>bxfocus</name><name>luojieshangbao</name><name>zimocity</name><name>VOAChinese</name><name>ChinaRiser</name><name>itxgd</name><name>chiunaindzu</name><name>RFA_Chinese</name><name>AboluowangNEWS</name><name>aboluowang</name><name>chiunaindzu</name><name>ChinaRiser</name><name>li2nd</name><name>molihua_org</name><name>PanChinese</name><name>marko_55</name><name>PanChinese</name><name>chinaperspect</name><name>wuxufei</name><name>toyuan2010</name><name>boxun</name><name>Edourdoo</name><name>boxun</name><name>bxfocus</name><name>BoxunN</name><name>XinChen_dust</name><name>luojieshangbao</name><name>brkchinese</name><name>wenyunchao</name><name>AboluowangCOMM</name><name>ziyouzhichun</name><name>RFA_Chinese</name><name>ChinaRiser</name><name>AboluowangNEWS</name><name>aboluowang</name><name>AboluowangNEWS</name><name>RFA_Chinese</name><name>eerfanihc2</name><name>kanzhongguonews</name><name>kanzhongguo</name><name>feng37</name><name>awfan</name>
  DEBUG 2013-03-13 12:07:27 [ActiveMQ Session Task-1] [ServerBean.java:181] - 添加新的种子用户到Vector Userboxun:1000 
  DEBUG 2013-03-13 12:07:27 [ActiveMQ Session Task-1] [ServerBean.java:181] - 添加新的种子用户到Vector Usermolihua_org:1000 
  DEBUG 2013-03-13 12:07:27 [ActiveMQ Session Task-1] [ServerBean.java:181] - 添加新的种子用户到Vector UserAboluowangNEWS:1000 
  DEBUG 2013-03-13 12:07:27 [ActiveMQ Session Task-1] [ServerBean.java:181] - 添加新的种子用户到Vector Useraboluowang:1000 
  DEBUG 2013-03-13 12:07:27 [ActiveMQ Session Task-1] [ServerBean.java:181] - 添加新的种子用户到Vector Usergfwbinxing:1000 
  DEBUG 2013-03-13 12:07:27 [ActiveMQ Session Task-1] [ServerBean.java:181] - 添加新的种子用户到Vector Userwuxufei:1000 
  DEBUG 2013-03-13 12:07:27 [ActiveMQ Session Task-1] [ServerBean.java:181] - 添加新的种子用户到Vector UserXinChen_dust:1000 
  DEBUG 2013-03-13 12:07:27 [ActiveMQ Session Task-1] [ServerBean.java:181] - 添加新的种子用户到Vector UserChinaRiser:1000 
  DEBUG 2013-03-13 12:07:27 [ActiveMQ Session Task-1] [ServerBean.java:181] - 添加新的种子用户到Vector Userkanzhongguonews:1000 
  DEBUG 2013-03-13 12:07:27 [ActiveMQ Session Task-1] [ServerBean.java:181] - 添加新的种子用户到Vector UserEdourdoo:1000 
  DEBUG 2013-03-13 12:07:27 [ActiveMQ Session Task-1] [ServerBean.java:181] - 添加新的种子用户到Vector Usertoyuan2010:1000 
  DEBUG 2013-03-13 12:07:27 [ActiveMQ Session Task-1] [ServerBean.java:181] - 添加新的种子用户到Vector UserBoxunN:1000 
  DEBUG 2013-03-13 12:07:27 [ActiveMQ Session Task-1] [ServerBean.java:181] - 添加新的种子用户到Vector Userbxfocus:1000 
  DEBUG 2013-03-13 12:07:27 [ActiveMQ Session Task-1] [ServerBean.java:181] - 添加新的种子用户到Vector Userluojieshangbao:1000 
  DEBUG 2013-03-13 12:07:27 [ActiveMQ Session Task-1] [ServerBean.java:181] - 添加新的种子用户到Vector Userzimocity:1000 
  DEBUG 2013-03-13 12:07:27 [ActiveMQ Session Task-1] [ServerBean.java:181] - 添加新的种子用户到Vector UserVOAChinese:1000 
  DEBUG 2013-03-13 12:07:27 [ActiveMQ Session Task-1] [ServerBean.java:181] - 添加新的种子用户到Vector Useritxgd:1000 
  DEBUG 2013-03-13 12:07:27 [ActiveMQ Session Task-1] [ServerBean.java:181] - 添加新的种子用户到Vector Userchiunaindzu:1000 
  DEBUG 2013-03-13 12:07:27 [ActiveMQ Session Task-1] [ServerBean.java:181] - 添加新的种子用户到Vector UserRFA_Chinese:1000 
  DEBUG 2013-03-13 12:07:27 [ActiveMQ Session Task-1] [ServerBean.java:181] - 添加新的种子用户到Vector Userli2nd:1000 
  DEBUG 2013-03-13 12:07:27 [ActiveMQ Session Task-1] [ServerBean.java:181] - 添加新的种子用户到Vector UserPanChinese:1000 
  DEBUG 2013-03-13 12:07:27 [ActiveMQ Session Task-1] [ServerBean.java:181] - 添加新的种子用户到Vector Usermarko_55:1000 
  DEBUG 2013-03-13 12:07:27 [ActiveMQ Session Task-1] [ServerBean.java:181] - 添加新的种子用户到Vector Userchinaperspect:1000 
  DEBUG 2013-03-13 12:07:27 [ActiveMQ Session Task-1] [ServerBean.java:181] - 添加新的种子用户到Vector Userbrkchinese:1000 
  DEBUG 2013-03-13 12:07:27 [ActiveMQ Session Task-1] [ServerBean.java:181] - 添加新的种子用户到Vector Userwenyunchao:1000 
  DEBUG 2013-03-13 12:07:27 [ActiveMQ Session Task-1] [ServerBean.java:181] - 添加新的种子用户到Vector UserAboluowangCOMM:1000 
  DEBUG 2013-03-13 12:07:27 [ActiveMQ Session Task-1] [ServerBean.java:181] - 添加新的种子用户到Vector Userziyouzhichun:1000 
  DEBUG 2013-03-13 12:07:27 [ActiveMQ Session Task-1] [ServerBean.java:181] - 添加新的种子用户到Vector Usereerfanihc2:1000 
  DEBUG 2013-03-13 12:07:27 [ActiveMQ Session Task-1] [ServerBean.java:181] - 添加新的种子用户到Vector Userkanzhongguo:1000 
  DEBUG 2013-03-13 12:07:27 [ActiveMQ Session Task-1] [ServerBean.java:181] - 添加新的种子用户到Vector Userfeng37:1000 
  DEBUG 2013-03-13 12:07:27 [ActiveMQ Session Task-1] [ServerBean.java:181] - 添加新的种子用户到Vector Userawfan:1000 
   INFO 2013-03-13 12:08:11 [CrawlServer] [NodeManager.java:58] - 已经成功进入下一阶段(Finish：6  TotalCount:6 CurrentSetp:init
   INFO 2013-03-13 12:08:11 [CrawlServer] [NodeManager.java:203] - TIMER定时器显示------------------------------------------------------------
nodecount:6 finishcount:6 
TWAjaxNode- 5:FREE [search_start][0]	TWAjaxNode- 4:FREE [search_start][0]	TWAjaxNode- 3:FREE [search_start][0]	TWAjaxNode- 2:FREE [search_start][0]	TWAjaxNode- 1:FREE [search_start][0]	
TWAjaxNode- 0:FREE [search_start][0]	------------------------------------------------------------

   INFO 2013-03-13 12:08:11 [CrawlServer] [CrawlerServer.java:282] - 关键词搜索结束
   INFO 2013-03-13 12:08:11 [CrawlServer] [CrawlerServer.java:287] - 关键用户采集开始
   INFO 2013-03-13 12:08:16 [CrawlServer] [CrawlerServer.java:378] - 通知所有节点进入新的工作状态keyuser_start
  DEBUG 2013-03-13 12:08:16 [ActiveMQ Session Task-1] [NodeManager.java:166] - 收到来自  TWAjaxNode- 2的心跳信息TWAjaxNode- 2:FREE [keyuser_start]	 [0]
  DEBUG 2013-03-13 12:08:16 [ActiveMQ Session Task-1] [NodeManager.java:166] - 收到来自  TWAjaxNode- 1的心跳信息TWAjaxNode- 1:FREE [keyuser_start]	 [0]
  DEBUG 2013-03-13 12:08:16 [ActiveMQ Session Task-1] [NodeManager.java:166] - 收到来自  TWAjaxNode- 0的心跳信息TWAjaxNode- 0:FREE [keyuser_start]	 [0]
  DEBUG 2013-03-13 12:08:16 [ActiveMQ Session Task-1] [NodeManager.java:166] - 收到来自  TWAjaxNode- 3的心跳信息TWAjaxNode- 3:FREE [keyuser_start]	 [0]
  DEBUG 2013-03-13 12:08:16 [ActiveMQ Session Task-1] [NodeManager.java:166] - 收到来自  TWAjaxNode- 5的心跳信息TWAjaxNode- 5:FREE [keyuser_start]	 [0]
  DEBUG 2013-03-13 12:08:16 [ActiveMQ Session Task-1] [NodeManager.java:166] - 收到来自  TWAjaxNode- 4的心跳信息TWAjaxNode- 4:FREE [keyuser_start]	 [0]
  DEBUG 2013-03-13 12:08:27 [ActiveMQ Session Task-4] [NormalUserReceiver.java:24] - 【Server】接收到新NormalUserID消息ActiveMQTextMessage {commandId = 50, responseRequired = false, messageId = ID:shanjixi-PC-60103-1363147608080-5:1:4:1:1, originalDestination = null, originalTransactionId = null, producerId = ID:shanjixi-PC-60103-1363147608080-5:1:4:1, destination = queue://NORMALID, transactionId = null, expiration = 0, timestamp = 1363147707263, arrival = 0, brokerInTime = 1363147707263, brokerOutTime = 1363147707264, correlationId = null, replyTo = null, persistent = false, type = null, priority = 4, groupID = null, groupSequence = 0, targetConsumerId = null, compressed = false, userID = null, content = null, marshalledProperties = null, dataStructure = null, redeliveryCounter = 0, size = 0, properties = null, readOnlyProperties = true, readOnlyBody = true, droppable = false, text = <count>12</count><name>networktest1</name><su...m>1000</sum>}
  DEBUG 2013-03-13 12:08:27 [ActiveMQ Session Task-4] [NormalUserReceiver.java:46] - server 端NormalUserSize大小12
  DEBUG 2013-03-13 12:08:27 [ActiveMQ Session Task-4] [NormalUserReceiver.java:24] - 【Server】接收到新NormalUserID消息ActiveMQTextMessage {commandId = 54, responseRequired = false, messageId = ID:shanjixi-PC-60103-1363147608080-3:1:4:1:1, originalDestination = null, originalTransactionId = null, producerId = ID:shanjixi-PC-60103-1363147608080-3:1:4:1, destination = queue://NORMALID, transactionId = null, expiration = 0, timestamp = 1363147707623, arrival = 0, brokerInTime = 1363147707623, brokerOutTime = 1363147707623, correlationId = null, replyTo = null, persistent = false, type = null, priority = 4, groupID = null, groupSequence = 0, targetConsumerId = null, compressed = false, userID = null, content = null, marshalledProperties = null, dataStructure = null, redeliveryCounter = 0, size = 0, properties = null, readOnlyProperties = true, readOnlyBody = true, droppable = false, text = <count>3</count><name>ps_sports</name><sum>10...m>1000</sum>}
  DEBUG 2013-03-13 12:08:27 [ActiveMQ Session Task-4] [NormalUserReceiver.java:46] - server 端NormalUserSize大小15
  DEBUG 2013-03-13 12:08:28 [ActiveMQ Session Task-4] [NormalUserReceiver.java:24] - 【Server】接收到新NormalUserID消息ActiveMQTextMessage {commandId = 56, responseRequired = false, messageId = ID:shanjixi-PC-60103-1363147608080-11:1:4:1:1, originalDestination = null, originalTransactionId = null, producerId = ID:shanjixi-PC-60103-1363147608080-11:1:4:1, destination = queue://NORMALID, transactionId = null, expiration = 0, timestamp = 1363147708546, arrival = 0, brokerInTime = 1363147708546, brokerOutTime = 1363147708546, correlationId = null, replyTo = null, persistent = false, type = null, priority = 4, groupID = null, groupSequence = 0, targetConsumerId = null, compressed = false, userID = null, content = null, marshalledProperties = null, dataStructure = null, redeliveryCounter = 0, size = 0, properties = null, readOnlyProperties = true, readOnlyBody = true, droppable = false, text = <count>0</count>}
  DEBUG 2013-03-13 12:08:30 [ActiveMQ Session Task-4] [NormalUserReceiver.java:24] - 【Server】接收到新NormalUserID消息ActiveMQTextMessage {commandId = 54, responseRequired = false, messageId = ID:shanjixi-PC-60103-1363147608080-9:1:4:1:1, originalDestination = null, originalTransactionId = null, producerId = ID:shanjixi-PC-60103-1363147608080-9:1:4:1, destination = queue://NORMALID, transactionId = null, expiration = 0, timestamp = 1363147710805, arrival = 0, brokerInTime = 1363147710805, brokerOutTime = 1363147710805, correlationId = null, replyTo = null, persistent = false, type = null, priority = 4, groupID = null, groupSequence = 0, targetConsumerId = null, compressed = false, userID = null, content = null, marshalledProperties = null, dataStructure = null, redeliveryCounter = 0, size = 0, properties = null, readOnlyProperties = true, readOnlyBody = true, droppable = false, text = <count>27</count><name>BigBang_CBS</name><sum...m>1000</sum>}
  DEBUG 2013-03-13 12:08:30 [ActiveMQ Session Task-4] [NormalUserReceiver.java:46] - server 端NormalUserSize大小41
  DEBUG 2013-03-13 12:08:31 [ActiveMQ Session Task-4] [NormalUserReceiver.java:24] - 【Server】接收到新NormalUserID消息ActiveMQTextMessage {commandId = 58, responseRequired = false, messageId = ID:shanjixi-PC-60103-1363147608080-2:1:4:1:1, originalDestination = null, originalTransactionId = null, producerId = ID:shanjixi-PC-60103-1363147608080-2:1:4:1, destination = queue://NORMALID, transactionId = null, expiration = 0, timestamp = 1363147711523, arrival = 0, brokerInTime = 1363147711524, brokerOutTime = 1363147711524, correlationId = null, replyTo = null, persistent = false, type = null, priority = 4, groupID = null, groupSequence = 0, targetConsumerId = null, compressed = false, userID = null, content = null, marshalledProperties = null, dataStructure = null, redeliveryCounter = 0, size = 0, properties = null, readOnlyProperties = true, readOnlyBody = true, droppable = false, text = <count>1</count><name>ephoenixfy</name><sum>1000</sum>}
  DEBUG 2013-03-13 12:08:31 [ActiveMQ Session Task-4] [NormalUserReceiver.java:46] - server 端NormalUserSize大小42
  DEBUG 2013-03-13 12:08:36 [CrawlServer] [MessageBusStatusDetect.java:75] - Task总线上的大小_接收结果Finish(122)
  DEBUG 2013-03-13 12:08:36 [ActiveMQ Session Task-4] [NodeManager.java:166] - 收到来自  TWAjaxNode- 5的心跳信息TWAjaxNode- 5:FREE [keyuser_start]	 [0]
  DEBUG 2013-03-13 12:08:36 [ActiveMQ Session Task-4] [NodeManager.java:166] - 收到来自  TWAjaxNode- 1的心跳信息TWAjaxNode- 1:FREE [keyuser_start]	 [0]
  DEBUG 2013-03-13 12:08:36 [ActiveMQ Session Task-4] [NodeManager.java:166] - 收到来自  TWAjaxNode- 0的心跳信息TWAjaxNode- 0:FREE [keyuser_start]	 [0]
  DEBUG 2013-03-13 12:08:36 [ActiveMQ Session Task-4] [NodeManager.java:166] - 收到来自  TWAjaxNode- 3的心跳信息TWAjaxNode- 3:FREE [keyuser_start]	 [0]
  DEBUG 2013-03-13 12:08:36 [ActiveMQ Session Task-4] [NodeManager.java:166] - 收到来自  TWAjaxNode- 2的心跳信息TWAjaxNode- 2:FREE [keyuser_start]	 [0]
  DEBUG 2013-03-13 12:08:36 [ActiveMQ Session Task-4] [NodeManager.java:166] - 收到来自  TWAjaxNode- 4的心跳信息TWAjaxNode- 4:FREE [keyuser_start]	 [0]
  DEBUG 2013-03-13 12:08:40 [ActiveMQ Session Task-1] [NormalUserReceiver.java:24] - 【Server】接收到新NormalUserID消息ActiveMQTextMessage {commandId = 61, responseRequired = false, messageId = ID:shanjixi-PC-60103-1363147608080-7:1:4:1:1, originalDestination = null, originalTransactionId = null, producerId = ID:shanjixi-PC-60103-1363147608080-7:1:4:1, destination = queue://NORMALID, transactionId = null, expiration = 0, timestamp = 1363147720878, arrival = 0, brokerInTime = 1363147720878, brokerOutTime = 1363147720878, correlationId = null, replyTo = null, persistent = false, type = null, priority = 4, groupID = null, groupSequence = 0, targetConsumerId = null, compressed = false, userID = null, content = null, marshalledProperties = null, dataStructure = null, redeliveryCounter = 0, size = 0, properties = null, readOnlyProperties = true, readOnlyBody = true, droppable = false, text = <count>1</count><name>18315009</name><sum>1000</sum>}
  DEBUG 2013-03-13 12:08:40 [ActiveMQ Session Task-1] [NormalUserReceiver.java:46] - server 端NormalUserSize大小43
  DEBUG 2013-03-13 12:08:56 [CrawlServer] [MessageBusStatusDetect.java:75] - Task总线上的大小_接收结果Finish(121)
  DEBUG 2013-03-13 12:08:56 [ActiveMQ Session Task-1] [NodeManager.java:166] - 收到来自  TWAjaxNode- 3的心跳信息TWAjaxNode- 3:FREE [keyuser_start]	 [0]
  DEBUG 2013-03-13 12:08:56 [ActiveMQ Session Task-1] [NodeManager.java:166] - 收到来自  TWAjaxNode- 5的心跳信息TWAjaxNode- 5:FREE [keyuser_start]	 [0]
  DEBUG 2013-03-13 12:08:56 [ActiveMQ Session Task-1] [NodeManager.java:166] - 收到来自  TWAjaxNode- 0的心跳信息TWAjaxNode- 0:FREE [keyuser_start]	 [0]
  DEBUG 2013-03-13 12:08:56 [ActiveMQ Session Task-1] [NodeManager.java:166] - 收到来自  TWAjaxNode- 4的心跳信息TWAjaxNode- 4:FREE [keyuser_start]	 [0]
  DEBUG 2013-03-13 12:08:56 [ActiveMQ Session Task-1] [NodeManager.java:166] - 收到来自  TWAjaxNode- 1的心跳信息TWAjaxNode- 1:FREE [keyuser_start]	 [0]
  DEBUG 2013-03-13 12:08:56 [ActiveMQ Session Task-1] [NodeManager.java:166] - 收到来自  TWAjaxNode- 2的心跳信息TWAjaxNode- 2:FREE [keyuser_start]	 [0]
  DEBUG 2013-03-13 12:09:16 [ActiveMQ Session Task-4] [NodeManager.java:166] - 收到来自  TWAjaxNode- 4的心跳信息TWAjaxNode- 4:FREE [keyuser_start]	 [0]
  DEBUG 2013-03-13 12:09:16 [ActiveMQ Session Task-4] [NodeManager.java:166] - 收到来自  TWAjaxNode- 3的心跳信息TWAjaxNode- 3:FREE [keyuser_start]	 [0]
  DEBUG 2013-03-13 12:09:16 [ActiveMQ Session Task-4] [NodeManager.java:166] - 收到来自  TWAjaxNode- 0的心跳信息TWAjaxNode- 0:FREE [keyuser_start]	 [0]
  DEBUG 2013-03-13 12:09:16 [ActiveMQ Session Task-4] [NodeManager.java:166] - 收到来自  TWAjaxNode- 1的心跳信息TWAjaxNode- 1:FREE [keyuser_start]	 [0]
  DEBUG 2013-03-13 12:09:16 [ActiveMQ Session Task-4] [NodeManager.java:166] - 收到来自  TWAjaxNode- 5的心跳信息TWAjaxNode- 5:FREE [keyuser_start]	 [0]
  DEBUG 2013-03-13 12:09:16 [ActiveMQ Session Task-4] [NodeManager.java:166] - 收到来自  TWAjaxNode- 2的心跳信息TWAjaxNode- 2:FREE [keyuser_start]	 [0]
  DEBUG 2013-03-13 12:09:36 [ActiveMQ Session Task-1] [NodeManager.java:166] - 收到来自  TWAjaxNode- 0的心跳信息TWAjaxNode- 0:FREE [keyuser_start]	 [0]
  DEBUG 2013-03-13 12:09:36 [ActiveMQ Session Task-1] [NodeManager.java:166] - 收到来自  TWAjaxNode- 3的心跳信息TWAjaxNode- 3:FREE [keyuser_start]	 [0]
  DEBUG 2013-03-13 12:09:36 [ActiveMQ Session Task-1] [NodeManager.java:166] - 收到来自  TWAjaxNode- 5的心跳信息TWAjaxNode- 5:FREE [keyuser_start]	 [0]
  DEBUG 2013-03-13 12:09:36 [ActiveMQ Session Task-1] [NodeManager.java:166] - 收到来自  TWAjaxNode- 1的心跳信息TWAjaxNode- 1:FREE [keyuser_start]	 [0]
  DEBUG 2013-03-13 12:09:36 [ActiveMQ Session Task-1] [NodeManager.java:166] - 收到来自  TWAjaxNode- 4的心跳信息TWAjaxNode- 4:FREE [keyuser_start]	 [0]
  DEBUG 2013-03-13 12:09:36 [ActiveMQ Session Task-1] [NodeManager.java:166] - 收到来自  TWAjaxNode- 2的心跳信息TWAjaxNode- 2:FREE [keyuser_start]	 [0]
  DEBUG 2013-03-13 12:09:56 [ActiveMQ Session Task-4] [NodeManager.java:166] - 收到来自  TWAjaxNode- 4的心跳信息TWAjaxNode- 4:FREE [keyuser_start]	 [0]
  DEBUG 2013-03-13 12:09:56 [ActiveMQ Session Task-4] [NodeManager.java:166] - 收到来自  TWAjaxNode- 5的心跳信息TWAjaxNode- 5:FREE [keyuser_start]	 [0]
  DEBUG 2013-03-13 12:09:56 [ActiveMQ Session Task-4] [NodeManager.java:166] - 收到来自  TWAjaxNode- 3的心跳信息TWAjaxNode- 3:FREE [keyuser_start]	 [0]
  DEBUG 2013-03-13 12:09:56 [ActiveMQ Session Task-4] [NodeManager.java:166] - 收到来自  TWAjaxNode- 1的心跳信息TWAjaxNode- 1:FREE [keyuser_start]	 [0]
  DEBUG 2013-03-13 12:09:56 [ActiveMQ Session Task-4] [NodeManager.java:166] - 收到来自  TWAjaxNode- 2的心跳信息TWAjaxNode- 2:FREE [keyuser_start]	 [0]
  DEBUG 2013-03-13 12:09:56 [ActiveMQ Session Task-4] [NodeManager.java:166] - 收到来自  TWAjaxNode- 0的心跳信息TWAjaxNode- 0:FREE [keyuser_start]	 [0]
  DEBUG 2013-03-13 12:10:16 [ActiveMQ Session Task-1] [NodeManager.java:166] - 收到来自  TWAjaxNode- 2的心跳信息TWAjaxNode- 2:FREE [keyuser_start]	 [0]
  DEBUG 2013-03-13 12:10:16 [ActiveMQ Session Task-1] [NodeManager.java:166] - 收到来自  TWAjaxNode- 3的心跳信息TWAjaxNode- 3:FREE [keyuser_start]	 [0]
  DEBUG 2013-03-13 12:10:16 [ActiveMQ Session Task-1] [NodeManager.java:166] - 收到来自  TWAjaxNode- 5的心跳信息TWAjaxNode- 5:FREE [keyuser_start]	 [0]
  DEBUG 2013-03-13 12:10:16 [ActiveMQ Session Task-1] [NodeManager.java:166] - 收到来自  TWAjaxNode- 1的心跳信息TWAjaxNode- 1:FREE [keyuser_start]	 [0]
  DEBUG 2013-03-13 12:10:16 [ActiveMQ Session Task-1] [NodeManager.java:166] - 收到来自  TWAjaxNode- 0的心跳信息TWAjaxNode- 0:FREE [keyuser_start]	 [0]
  DEBUG 2013-03-13 12:10:16 [ActiveMQ Session Task-1] [NodeManager.java:166] - 收到来自  TWAjaxNode- 4的心跳信息TWAjaxNode- 4:FREE [keyuser_start]	 [0]
  DEBUG 2013-03-13 12:10:28 [ActiveMQ Session Task-4] [NormalUserReceiver.java:24] - 【Server】接收到新NormalUserID消息ActiveMQTextMessage {commandId = 73, responseRequired = false, messageId = ID:shanjixi-PC-60103-1363147608080-11:1:4:1:2, originalDestination = null, originalTransactionId = null, producerId = ID:shanjixi-PC-60103-1363147608080-11:1:4:1, destination = queue://NORMALID, transactionId = null, expiration = 0, timestamp = 1363147828588, arrival = 0, brokerInTime = 1363147828589, brokerOutTime = 1363147828590, correlationId = null, replyTo = null, persistent = false, type = null, priority = 4, groupID = null, groupSequence = 0, targetConsumerId = null, compressed = false, userID = null, content = null, marshalledProperties = null, dataStructure = null, redeliveryCounter = 0, size = 0, properties = null, readOnlyProperties = true, readOnlyBody = true, droppable = false, text = <count>538</count><name>cccandylee</name><sum...m>1000</sum>}
  DEBUG 2013-03-13 12:10:28 [ActiveMQ Session Task-4] [NormalUserReceiver.java:46] - server 端NormalUserSize大小578
  DEBUG 2013-03-13 12:10:36 [CrawlServer] [MessageBusStatusDetect.java:75] - Task总线上的大小_接收结果Finish(119)
  DEBUG 2013-03-13 12:10:36 [ActiveMQ Session Task-4] [NodeManager.java:166] - 收到来自  TWAjaxNode- 4的心跳信息TWAjaxNode- 4:FREE [keyuser_start]	 [0]
  DEBUG 2013-03-13 12:10:36 [ActiveMQ Session Task-4] [NodeManager.java:166] - 收到来自  TWAjaxNode- 5的心跳信息TWAjaxNode- 5:FREE [keyuser_start]	 [0]
  DEBUG 2013-03-13 12:10:36 [ActiveMQ Session Task-4] [NodeManager.java:166] - 收到来自  TWAjaxNode- 3的心跳信息TWAjaxNode- 3:FREE [keyuser_start]	 [0]
  DEBUG 2013-03-13 12:10:36 [ActiveMQ Session Task-4] [NodeManager.java:166] - 收到来自  TWAjaxNode- 2的心跳信息TWAjaxNode- 2:FREE [keyuser_start]	 [0]
  DEBUG 2013-03-13 12:10:36 [ActiveMQ Session Task-4] [NodeManager.java:166] - 收到来自  TWAjaxNode- 0的心跳信息TWAjaxNode- 0:FREE [keyuser_start]	 [0]
  DEBUG 2013-03-13 12:10:36 [ActiveMQ Session Task-4] [NodeManager.java:166] - 收到来自  TWAjaxNode- 1的心跳信息TWAjaxNode- 1:FREE [keyuser_start]	 [0]
  DEBUG 2013-03-13 12:10:56 [ActiveMQ Session Task-1] [NodeManager.java:166] - 收到来自  TWAjaxNode- 4的心跳信息TWAjaxNode- 4:FREE [keyuser_start]	 [0]
  DEBUG 2013-03-13 12:10:56 [ActiveMQ Session Task-1] [NodeManager.java:166] - 收到来自  TWAjaxNode- 1的心跳信息TWAjaxNode- 1:FREE [keyuser_start]	 [0]
  DEBUG 2013-03-13 12:10:56 [ActiveMQ Session Task-1] [NodeManager.java:166] - 收到来自  TWAjaxNode- 0的心跳信息TWAjaxNode- 0:FREE [keyuser_start]	 [0]
  DEBUG 2013-03-13 12:10:56 [ActiveMQ Session Task-1] [NodeManager.java:166] - 收到来自  TWAjaxNode- 3的心跳信息TWAjaxNode- 3:FREE [keyuser_start]	 [0]
  DEBUG 2013-03-13 12:10:56 [ActiveMQ Session Task-1] [NodeManager.java:166] - 收到来自  TWAjaxNode- 2的心跳信息TWAjaxNode- 2:FREE [keyuser_start]	 [0]
  DEBUG 2013-03-13 12:10:56 [ActiveMQ Session Task-1] [NodeManager.java:166] - 收到来自  TWAjaxNode- 5的心跳信息TWAjaxNode- 5:FREE [keyuser_start]	 [0]
  DEBUG 2013-03-13 12:11:16 [ActiveMQ Session Task-4] [NodeManager.java:166] - 收到来自  TWAjaxNode- 2的心跳信息TWAjaxNode- 2:FREE [keyuser_start]	 [0]
  DEBUG 2013-03-13 12:11:16 [ActiveMQ Session Task-4] [NodeManager.java:166] - 收到来自  TWAjaxNode- 1的心跳信息TWAjaxNode- 1:FREE [keyuser_start]	 [0]
  DEBUG 2013-03-13 12:11:16 [ActiveMQ Session Task-4] [NodeManager.java:166] - 收到来自  TWAjaxNode- 3的心跳信息TWAjaxNode- 3:FREE [keyuser_start]	 [0]
  DEBUG 2013-03-13 12:11:16 [ActiveMQ Session Task-4] [NodeManager.java:166] - 收到来自  TWAjaxNode- 4的心跳信息TWAjaxNode- 4:FREE [keyuser_start]	 [0]
  DEBUG 2013-03-13 12:11:16 [ActiveMQ Session Task-4] [NodeManager.java:166] - 收到来自  TWAjaxNode- 5的心跳信息TWAjaxNode- 5:FREE [keyuser_start]	 [0]
  DEBUG 2013-03-13 12:11:16 [ActiveMQ Session Task-4] [NodeManager.java:166] - 收到来自  TWAjaxNode- 0的心跳信息TWAjaxNode- 0:FREE [keyuser_start]	 [0]
  DEBUG 2013-03-13 12:11:36 [CrawlServer] [MessageBusStatusDetect.java:75] - Task总线上的大小_接收结果Finish(118)
  DEBUG 2013-03-13 12:11:36 [ActiveMQ Session Task-1] [NodeManager.java:166] - 收到来自  TWAjaxNode- 4的心跳信息TWAjaxNode- 4:FREE [keyuser_start]	 [0]
  DEBUG 2013-03-13 12:11:36 [ActiveMQ Session Task-1] [NodeManager.java:166] - 收到来自  TWAjaxNode- 2的心跳信息TWAjaxNode- 2:FREE [keyuser_start]	 [0]
  DEBUG 2013-03-13 12:11:36 [ActiveMQ Session Task-1] [NodeManager.java:166] - 收到来自  TWAjaxNode- 1的心跳信息TWAjaxNode- 1:FREE [keyuser_start]	 [0]
  DEBUG 2013-03-13 12:11:36 [ActiveMQ Session Task-1] [NodeManager.java:166] - 收到来自  TWAjaxNode- 5的心跳信息TWAjaxNode- 5:FREE [keyuser_start]	 [0]
  DEBUG 2013-03-13 12:11:36 [ActiveMQ Session Task-1] [NodeManager.java:166] - 收到来自  TWAjaxNode- 0的心跳信息TWAjaxNode- 0:FREE [keyuser_start]	 [0]
  DEBUG 2013-03-13 12:11:36 [ActiveMQ Session Task-1] [NodeManager.java:166] - 收到来自  TWAjaxNode- 3的心跳信息TWAjaxNode- 3:FREE [keyuser_start]	 [0]
  DEBUG 2013-03-13 12:11:37 [ActiveMQ Session Task-4] [NormalUserReceiver.java:24] - 【Server】接收到新NormalUserID消息ActiveMQTextMessage {commandId = 78, responseRequired = false, messageId = ID:shanjixi-PC-60103-1363147608080-5:1:4:1:2, originalDestination = null, originalTransactionId = null, producerId = ID:shanjixi-PC-60103-1363147608080-5:1:4:1, destination = queue://NORMALID, transactionId = null, expiration = 0, timestamp = 1363147897684, arrival = 0, brokerInTime = 1363147897684, brokerOutTime = 1363147897684, correlationId = null, replyTo = null, persistent = false, type = null, priority = 4, groupID = null, groupSequence = 0, targetConsumerId = null, compressed = false, userID = null, content = null, marshalledProperties = null, dataStructure = null, redeliveryCounter = 0, size = 0, properties = null, readOnlyProperties = true, readOnlyBody = true, droppable = false, text = <count>240</count><name>Team_Locks</name><sum...m>1000</sum>}
  DEBUG 2013-03-13 12:11:37 [ActiveMQ Session Task-4] [NormalUserReceiver.java:46] - server 端NormalUserSize大小584
  DEBUG 2013-03-13 12:11:39 [ActiveMQ Session Task-4] [NormalUserReceiver.java:24] - 【Server】接收到新NormalUserID消息ActiveMQTextMessage {commandId = 82, responseRequired = false, messageId = ID:shanjixi-PC-60103-1363147608080-9:1:4:1:2, originalDestination = null, originalTransactionId = null, producerId = ID:shanjixi-PC-60103-1363147608080-9:1:4:1, destination = queue://NORMALID, transactionId = null, expiration = 0, timestamp = 1363147899009, arrival = 0, brokerInTime = 1363147899010, brokerOutTime = 1363147899010, correlationId = null, replyTo = null, persistent = false, type = null, priority = 4, groupID = null, groupSequence = 0, targetConsumerId = null, compressed = false, userID = null, content = null, marshalledProperties = null, dataStructure = null, redeliveryCounter = 0, size = 0, properties = null, readOnlyProperties = true, readOnlyBody = true, droppable = false, text = <count>826</count><name>cncitizens</name><sum...m>1000</sum>}
  DEBUG 2013-03-13 12:11:39 [ActiveMQ Session Task-4] [NormalUserReceiver.java:46] - server 端NormalUserSize大小1405
  DEBUG 2013-03-13 12:11:56 [CrawlServer] [MessageBusStatusDetect.java:75] - Task总线上的大小_接收结果Finish(115)
  DEBUG 2013-03-13 12:11:56 [ActiveMQ Session Task-1] [NodeManager.java:166] - 收到来自  TWAjaxNode- 4的心跳信息TWAjaxNode- 4:FREE [keyuser_start]	 [0]
  DEBUG 2013-03-13 12:11:56 [ActiveMQ Session Task-1] [NodeManager.java:166] - 收到来自  TWAjaxNode- 5的心跳信息TWAjaxNode- 5:FREE [keyuser_start]	 [0]
  DEBUG 2013-03-13 12:11:56 [ActiveMQ Session Task-1] [NodeManager.java:166] - 收到来自  TWAjaxNode- 3的心跳信息TWAjaxNode- 3:FREE [keyuser_start]	 [0]
  DEBUG 2013-03-13 12:11:56 [ActiveMQ Session Task-1] [NodeManager.java:166] - 收到来自  TWAjaxNode- 2的心跳信息TWAjaxNode- 2:FREE [keyuser_start]	 [0]
  DEBUG 2013-03-13 12:11:56 [ActiveMQ Session Task-1] [NodeManager.java:166] - 收到来自  TWAjaxNode- 0的心跳信息TWAjaxNode- 0:FREE [keyuser_start]	 [0]
  DEBUG 2013-03-13 12:11:56 [ActiveMQ Session Task-1] [NodeManager.java:166] - 收到来自  TWAjaxNode- 1的心跳信息TWAjaxNode- 1:FREE [keyuser_start]	 [0]
  DEBUG 2013-03-13 12:12:16 [ActiveMQ Session Task-4] [NodeManager.java:166] - 收到来自  TWAjaxNode- 2的心跳信息TWAjaxNode- 2:FREE [keyuser_start]	 [0]
  DEBUG 2013-03-13 12:12:16 [ActiveMQ Session Task-4] [NodeManager.java:166] - 收到来自  TWAjaxNode- 3的心跳信息TWAjaxNode- 3:FREE [keyuser_start]	 [0]
  DEBUG 2013-03-13 12:12:16 [ActiveMQ Session Task-4] [NodeManager.java:166] - 收到来自  TWAjaxNode- 4的心跳信息TWAjaxNode- 4:FREE [keyuser_start]	 [0]
  DEBUG 2013-03-13 12:12:16 [ActiveMQ Session Task-4] [NodeManager.java:166] - 收到来自  TWAjaxNode- 5的心跳信息TWAjaxNode- 5:FREE [keyuser_start]	 [0]
  DEBUG 2013-03-13 12:12:16 [ActiveMQ Session Task-4] [NodeManager.java:166] - 收到来自  TWAjaxNode- 1的心跳信息TWAjaxNode- 1:FREE [keyuser_start]	 [0]
  DEBUG 2013-03-13 12:12:16 [ActiveMQ Session Task-4] [NodeManager.java:166] - 收到来自  TWAjaxNode- 0的心跳信息TWAjaxNode- 0:FREE [keyuser_start]	 [0]
  DEBUG 2013-03-13 12:12:36 [ActiveMQ Session Task-1] [NodeManager.java:166] - 收到来自  TWAjaxNode- 0的心跳信息TWAjaxNode- 0:FREE [keyuser_start]	 [0]
  DEBUG 2013-03-13 12:12:36 [ActiveMQ Session Task-1] [NodeManager.java:166] - 收到来自  TWAjaxNode- 3的心跳信息TWAjaxNode- 3:FREE [keyuser_start]	 [0]
  DEBUG 2013-03-13 12:12:36 [ActiveMQ Session Task-1] [NodeManager.java:166] - 收到来自  TWAjaxNode- 4的心跳信息TWAjaxNode- 4:FREE [keyuser_start]	 [0]
  DEBUG 2013-03-13 12:12:36 [ActiveMQ Session Task-1] [NodeManager.java:166] - 收到来自  TWAjaxNode- 1的心跳信息TWAjaxNode- 1:FREE [keyuser_start]	 [0]
  DEBUG 2013-03-13 12:12:36 [ActiveMQ Session Task-1] [NodeManager.java:166] - 收到来自  TWAjaxNode- 5的心跳信息TWAjaxNode- 5:FREE [keyuser_start]	 [0]
  DEBUG 2013-03-13 12:12:36 [ActiveMQ Session Task-1] [NodeManager.java:166] - 收到来自  TWAjaxNode- 2的心跳信息TWAjaxNode- 2:FREE [keyuser_start]	 [0]
  DEBUG 2013-03-13 12:12:56 [ActiveMQ Session Task-4] [NodeManager.java:166] - 收到来自  TWAjaxNode- 5的心跳信息TWAjaxNode- 5:FREE [keyuser_start]	 [0]
  DEBUG 2013-03-13 12:12:56 [ActiveMQ Session Task-4] [NodeManager.java:166] - 收到来自  TWAjaxNode- 3的心跳信息TWAjaxNode- 3:FREE [keyuser_start]	 [0]
  DEBUG 2013-03-13 12:12:56 [ActiveMQ Session Task-4] [NodeManager.java:166] - 收到来自  TWAjaxNode- 0的心跳信息TWAjaxNode- 0:FREE [keyuser_start]	 [0]
  DEBUG 2013-03-13 12:12:56 [ActiveMQ Session Task-4] [NodeManager.java:166] - 收到来自  TWAjaxNode- 4的心跳信息TWAjaxNode- 4:FREE [keyuser_start]	 [0]
  DEBUG 2013-03-13 12:12:56 [ActiveMQ Session Task-4] [NodeManager.java:166] - 收到来自  TWAjaxNode- 1的心跳信息TWAjaxNode- 1:FREE [keyuser_start]	 [0]
  DEBUG 2013-03-13 12:12:56 [ActiveMQ Session Task-4] [NodeManager.java:166] - 收到来自  TWAjaxNode- 2的心跳信息TWAjaxNode- 2:FREE [keyuser_start]	 [0]
  DEBUG 2013-03-13 12:13:16 [ActiveMQ Session Task-1] [NodeManager.java:166] - 收到来自  TWAjaxNode- 2的心跳信息TWAjaxNode- 2:FREE [keyuser_start]	 [0]
  DEBUG 2013-03-13 12:13:16 [ActiveMQ Session Task-1] [NodeManager.java:166] - 收到来自  TWAjaxNode- 4的心跳信息TWAjaxNode- 4:FREE [keyuser_start]	 [0]
  DEBUG 2013-03-13 12:13:16 [ActiveMQ Session Task-1] [NodeManager.java:166] - 收到来自  TWAjaxNode- 3的心跳信息TWAjaxNode- 3:FREE [keyuser_start]	 [0]
  DEBUG 2013-03-13 12:13:16 [ActiveMQ Session Task-1] [NodeManager.java:166] - 收到来自  TWAjaxNode- 1的心跳信息TWAjaxNode- 1:FREE [keyuser_start]	 [0]
  DEBUG 2013-03-13 12:13:16 [ActiveMQ Session Task-1] [NodeManager.java:166] - 收到来自  TWAjaxNode- 5的心跳信息TWAjaxNode- 5:FREE [keyuser_start]	 [0]
  DEBUG 2013-03-13 12:13:16 [ActiveMQ Session Task-1] [NodeManager.java:166] - 收到来自  TWAjaxNode- 0的心跳信息TWAjaxNode- 0:FREE [keyuser_start]	 [0]
  